<?xml version="1.0" encoding="UTF-8"?>
<!-- Generated by org.testng.reporters.JUnitXMLReporter -->
<testsuite ignored="1" hostname="WKWZThVUFqJpvKz" failures="6" tests="50" name="Smoke" time="55.069" errors="0" timestamp="2022-11-22T16:51:51 IST">
  <testcase classname="Day3.MyFirstTestNGtest3" name="deleteAccount" time="0.006"/>
  <testcase classname="Day3.MyFirstTestNGtest3" name="logOutApplication" time="0.001"/>
  <testcase classname="Day3.MyFirstTestNGtest3" name="login" time="0.001"/>
  <testcase classname="Day3.MyFirstTestNGtest3" name="createAccount" time="0.001"/>
  <testcase classname="Day3.LoginTest" name="invalidPassword" time="0.1"/>
  <testcase classname="Day3.LoginTest" name="invalidUsername" time="0.058"/>
  <testcase classname="Day3.LoginTest" name="invalidUsernameandPassword" time="0.863"/>
  <testcase classname="Day3.LoginTest" name="validUsernameandPassword" time="3.233"/>
  <testcase classname="Day3.LoginTest" name="createUserandLogout" time="0.016">
    <failure type="org.openqa.selenium.NoSuchElementException" message="no such element: Unable to locate element: {&amp;quot;method&amp;quot;:&amp;quot;css selector&amp;quot;,&amp;quot;selector&amp;quot;:&amp;quot;#menu_admin_viewAdminModule&amp;quot;}
  (Session info: chrome=107.0.5304.107)
For documentation on this error, please visit: https://selenium.dev/exceptions/#no_such_element
Build info: version: &amp;apos;4.6.0&amp;apos;, revision: &amp;apos;79f1c02ae20&amp;apos;
System info: os.name: &amp;apos;Windows 11&amp;apos;, os.arch: &amp;apos;amd64&amp;apos;, os.version: &amp;apos;10.0&amp;apos;, java.version: &amp;apos;11.0.16.1&amp;apos;
Driver info: org.openqa.selenium.chrome.ChromeDriver
Command: [fe921e7b3a3d85378a7da329893bca6a, findElement {using=id, value=menu_admin_viewAdminModule}]
Capabilities {acceptInsecureCerts: false, browserName: chrome, browserVersion: 107.0.5304.107, chrome: {chromedriverVersion: 107.0.5304.62 (1eec40d3a576..., userDataDir: C:\Users\saikashi\AppData\L...}, goog:chromeOptions: {debuggerAddress: localhost:64875}, networkConnectionEnabled: false, pageLoadStrategy: normal, platformName: WINDOWS, proxy: Proxy(), se:cdp: ws://localhost:64875/devtoo..., se:cdpVersion: 107.0.5304.107, setWindowRect: true, strictFileInteractability: false, timeouts: {implicit: 0, pageLoad: 300000, script: 30000}, unhandledPromptBehavior: dismiss and notify, webauthn:extension:credBlob: true, webauthn:extension:largeBlob: true, webauthn:virtualAuthenticators: true}
Session ID: fe921e7b3a3d85378a7da329893bca6a">
      <![CDATA[org.openqa.selenium.NoSuchElementException: no such element: Unable to locate element: {"method":"css selector","selector":"#menu_admin_viewAdminModule"}
  (Session info: chrome=107.0.5304.107)
For documentation on this error, please visit: https://selenium.dev/exceptions/#no_such_element
Build info: version: '4.6.0', revision: '79f1c02ae20'
System info: os.name: 'Windows 11', os.arch: 'amd64', os.version: '10.0', java.version: '11.0.16.1'
Driver info: org.openqa.selenium.chrome.ChromeDriver
Command: [fe921e7b3a3d85378a7da329893bca6a, findElement {using=id, value=menu_admin_viewAdminModule}]
Capabilities {acceptInsecureCerts: false, browserName: chrome, browserVersion: 107.0.5304.107, chrome: {chromedriverVersion: 107.0.5304.62 (1eec40d3a576..., userDataDir: C:\Users\saikashi\AppData\L...}, goog:chromeOptions: {debuggerAddress: localhost:64875}, networkConnectionEnabled: false, pageLoadStrategy: normal, platformName: WINDOWS, proxy: Proxy(), se:cdp: ws://localhost:64875/devtoo..., se:cdpVersion: 107.0.5304.107, setWindowRect: true, strictFileInteractability: false, timeouts: {implicit: 0, pageLoad: 300000, script: 30000}, unhandledPromptBehavior: dismiss and notify, webauthn:extension:credBlob: true, webauthn:extension:largeBlob: true, webauthn:virtualAuthenticators: true}
Session ID: fe921e7b3a3d85378a7da329893bca6a
at org.openqa.selenium.remote.codec.w3c.W3CHttpResponseCodec.createException(W3CHttpResponseCodec.java:200)
at org.openqa.selenium.remote.codec.w3c.W3CHttpResponseCodec.decode(W3CHttpResponseCodec.java:133)
at org.openqa.selenium.remote.codec.w3c.W3CHttpResponseCodec.decode(W3CHttpResponseCodec.java:53)
at org.openqa.selenium.remote.HttpCommandExecutor.execute(HttpCommandExecutor.java:184)
at org.openqa.selenium.remote.service.DriverCommandExecutor.invokeExecute(DriverCommandExecutor.java:167)
at org.openqa.selenium.remote.service.DriverCommandExecutor.execute(DriverCommandExecutor.java:142)
at org.openqa.selenium.remote.RemoteWebDriver.execute(RemoteWebDriver.java:541)
at org.openqa.selenium.remote.ElementLocation$ElementFinder$2.findElement(ElementLocation.java:162)
at org.openqa.selenium.remote.ElementLocation.findElement(ElementLocation.java:60)
at org.openqa.selenium.remote.RemoteWebDriver.findElement(RemoteWebDriver.java:365)
at org.openqa.selenium.remote.RemoteWebDriver.findElement(RemoteWebDriver.java:357)
at Day3.LoginTest.createUserandLogout(LoginTest.java:69)
at java.base/java.util.ArrayList.forEach(ArrayList.java:1541)
... Removed 31 stack frames]]>
    </failure>
  </testcase> <!-- createUserandLogout -->
  <testcase classname="Day3.SmokeTestBasic" name="verifyElements" time="3.761"/>
  <testcase classname="Day3.SmokeTestBasic" name="verifyForgotPasswordLink" time="3.895"/>
  <testcase classname="Day3.SmokeTestBasic" name="verifySocialMediaCount" time="3.657"/>
  <testcase classname="Day3.SmokeTestBasic" name="verifyTitle" time="3.509"/>
  <testcase classname="Day3.MyFirstTestNGtest2" name="createAccount" time="0.001"/>
  <testcase classname="Day3.MyFirstTestNGtest2" name="deleteAccount" time="0.0"/>
  <testcase classname="Day3.MyFirstTestNGtest2" name="logOutApplication" time="0.001"/>
  <testcase classname="Day3.MyFirstTestNGtest2" name="login" time="0.001"/>
  <testcase classname="Day3.SmokeTest" name="verifyElements" time="0.005"/>
  <testcase classname="Day3.SmokeTest" name="verifyForgotPasswordLink" time="0.027"/>
  <testcase classname="Day3.SmokeTest" name="verifySocialMediaCount" time="0.013"/>
  <testcase classname="Day3.SmokeTest" name="verifyTitle" time="0.005"/>
  <testcase classname="Day3.SameTestMultipleTimes" name="test2" time="0.001"/>
  <testcase classname="Day3.MyFirstTestNGtest7" name="test1" time="0.002">
    <failure type="java.lang.AssertionError" message="expected [true] but found [false]">
      <![CDATA[java.lang.AssertionError: expected [true] but found [false]
at Day3.MyFirstTestNGtest7.test1(MyFirstTestNGtest7.java:13)
at java.base/java.util.ArrayList.forEach(ArrayList.java:1541)
... Removed 31 stack frames]]>
    </failure>
  </testcase> <!-- test1 -->
  <testcase classname="Day3.MyFirstTestNGtest7" name="test2" time="0.0">
    <skipped/>
  </testcase> <!-- test2 -->
  <testcase classname="Day3.MyFirstTestNGtest6" name="test2" time="0.0"/>
  <testcase classname="Day3.MyFirstTestNGtest6" name="test1" time="0.0">
    <failure type="java.lang.AssertionError" message="expected [true] but found [false]">
      <![CDATA[java.lang.AssertionError: expected [true] but found [false]
at Day3.MyFirstTestNGtest6.test1(MyFirstTestNGtest6.java:12)
at java.base/java.util.ArrayList.forEach(ArrayList.java:1541)
... Removed 31 stack frames]]>
    </failure>
  </testcase> <!-- test1 -->
  <testcase classname="Day3.AssertionDemo" name="test1" time="0.001">
    <failure type="java.lang.AssertionError" message="expected [13] but found [12]">
      <![CDATA[java.lang.AssertionError: expected [13] but found [12]
at Day3.AssertionDemo.test1(AssertionDemo.java:11)
at java.base/java.util.ArrayList.forEach(ArrayList.java:1541)
... Removed 33 stack frames]]>
    </failure>
  </testcase> <!-- test1 -->
  <testcase classname="Day3.AssertionDemo" name="test2" time="0.0">
    <failure type="java.lang.AssertionError" message="Aseertion Failed expected [13] but found [12]">
      <![CDATA[java.lang.AssertionError: Aseertion Failed expected [13] but found [12]
at Day3.AssertionDemo.test2(AssertionDemo.java:16)
at java.base/java.util.ArrayList.forEach(ArrayList.java:1541)
... Removed 32 stack frames]]>
    </failure>
  </testcase> <!-- test2 -->
  <testcase classname="Day3.AssertionDemo" name="test3" time="0.001"/>
  <testcase classname="Day3.AssertionDemo" name="test4" time="0.0">
    <failure type="java.lang.AssertionError" message="expected [true] but found [false]">
      <![CDATA[java.lang.AssertionError: expected [true] but found [false]
at Day3.AssertionDemo.test4(AssertionDemo.java:28)
at java.base/java.util.ArrayList.forEach(ArrayList.java:1541)
... Removed 31 stack frames]]>
    </failure>
  </testcase> <!-- test4 -->
  <testcase classname="Day3.AssertionDemo" name="test5" time="0.0"/>
  <testcase classname="Day3.AssertionDemo" name="test6" time="0.0"/>
  <testcase classname="Day3.AssertionDemo" name="test7" time="0.0"/>
  <testcase classname="Day3.MyFirstTestNGtest" name="test1" time="0.0"/>
  <testcase classname="Day3.MyFirstTestNGtest" name="test2" time="0.0"/>
  <testcase classname="Day3.MyFirstTestNGtest" name="test3" time="0.0"/>
  <testcase classname="Day3.MyFirstTestNGtest5" name="test2" time="0.0"/>
  <testcase classname="Day3.MyFirstTestNGtest5" name="test2" time="0.001"/>
  <testcase classname="Day3.MyFirstTestNGtest5" name="test2" time="0.0"/>
  <testcase classname="Day3.MyFirstTestNGtest5" name="test2" time="0.001"/>
  <testcase classname="Day3.MyFirstTestNGtest5" name="test2" time="0.0"/>
  <testcase classname="Day3.MyFirstTestNGtest5" name="test2" time="0.001"/>
  <testcase classname="Day3.MyFirstTestNGtest5" name="test2" time="0.001"/>
  <testcase classname="Day3.MyFirstTestNGtest5" name="test2" time="0.0"/>
  <testcase classname="Day3.MyFirstTestNGtest5" name="test2" time="0.0"/>
  <testcase classname="Day3.MyFirstTestNGtest5" name="test2" time="0.001"/>
  <testcase classname="Day3.MyFirstTestNGtest4" name="logOutApplication" time="0.001"/>
  <testcase classname="Day3.MyFirstTestNGtest4" name="login" time="0.001"/>
  <testcase classname="Day3.MyFirstTestNGtest4" name="createAccount" time="0.001"/>
  <testcase classname="Day3.MyFirstTestNGtest4" name="deleteAccount" time="0.001"/>
  <testcase classname="Day3.SameTestMultipleTimes" name="test1" time="0.0">
    <ignored/>
  </testcase> <!-- test1 -->
</testsuite> <!-- Smoke -->
