<html>
<head>
<title>TestNG:  Smoke</title>
<link href="../testng.css" rel="stylesheet" type="text/css" />
<link href="../my-testng.css" rel="stylesheet" type="text/css" />

<style type="text/css">
.log { display: none;} 
.stack-trace { display: none;} 
</style>
<script type="text/javascript">
<!--
function flip(e) {
  current = e.style.display;
  if (current == 'block') {
    e.style.display = 'none';
    return 0;
  }
  else {
    e.style.display = 'block';
    return 1;
  }
}

function toggleBox(szDivId, elem, msg1, msg2)
{
  var res = -1;  if (document.getElementById) {
    res = flip(document.getElementById(szDivId));
  }
  else if (document.all) {
    // this is the way old msie versions work
    res = flip(document.all[szDivId]);
  }
  if(elem) {
    if(res == 0) elem.innerHTML = msg1; else elem.innerHTML = msg2;
  }

}

function toggleAllBoxes() {
  if (document.getElementsByTagName) {
    d = document.getElementsByTagName('div');
    for (i = 0; i < d.length; i++) {
      if (d[i].className == 'log') {
        flip(d[i]);
      }
    }
  }
}

// -->
</script>

</head>
<body>
<h2 align='center'>Smoke</h2><table border='1' align="center">
<tr>
<td>Tests passed/Failed/Skipped:</td><td>43/6/1</td>
</tr><tr>
<td>Started on:</td><td>Tue Nov 22 16:50:56 IST 2022</td>
</tr>
<tr><td>Total time:</td><td>55 seconds (55069 ms)</td>
</tr><tr>
<td>Included groups:</td><td></td>
</tr><tr>
<td>Excluded groups:</td><td></td>
</tr>
</table><p/>
<small><i>(Hover the method name to see the test class name)</i></small><p/>
<table width='100%' border='1' class='invocation-failed'>
<tr><td colspan='4' align='center'><b>FAILED TESTS</b></td></tr>
<tr><td><b>Test method</b></td>
<td width="30%"><b>Exception</b></td>
<td width="10%"><b>Time (seconds)</b></td>
<td><b>Instance</b></td>
</tr>
<tr>
<td title='Day3.MyFirstTestNGtest6.test1()'><b>test1</b><br>Test class: Day3.MyFirstTestNGtest6</td>
<td><div><pre>java.lang.AssertionError: expected [true] but found [false]
	at Day3.MyFirstTestNGtest6.test1(MyFirstTestNGtest6.java:12)
	at java.base/java.util.ArrayList.forEach(ArrayList.java:1541)
... Removed 31 stack frames</pre></div><a href='#' onClick='toggleBox("stack-trace2084041029", this, "Click to show all stack frames", "Click to hide stack frames")'>Click to show all stack frames</a>
<div class='stack-trace' id='stack-trace2084041029'><pre>java.lang.AssertionError: expected [true] but found [false]
	at org.testng.Assert.fail(Assert.java:99)
	at org.testng.Assert.failNotEquals(Assert.java:1037)
	at org.testng.Assert.assertTrue(Assert.java:45)
	at org.testng.Assert.assertTrue(Assert.java:55)
	at Day3.MyFirstTestNGtest6.test1(MyFirstTestNGtest6.java:12)
	at java.base/jdk.internal.reflect.NativeMethodAccessorImpl.invoke0(Native Method)
	at java.base/jdk.internal.reflect.NativeMethodAccessorImpl.invoke(NativeMethodAccessorImpl.java:62)
	at java.base/jdk.internal.reflect.DelegatingMethodAccessorImpl.invoke(DelegatingMethodAccessorImpl.java:43)
	at java.base/java.lang.reflect.Method.invoke(Method.java:566)
	at org.testng.internal.MethodInvocationHelper.invokeMethod(MethodInvocationHelper.java:133)
	at org.testng.internal.TestInvoker.invokeMethod(TestInvoker.java:598)
	at org.testng.internal.TestInvoker.invokeTestMethod(TestInvoker.java:173)
	at org.testng.internal.MethodRunner.runInSequence(MethodRunner.java:46)
	at org.testng.internal.TestInvoker$MethodInvocationAgent.invoke(TestInvoker.java:824)
	at org.testng.internal.TestInvoker.invokeTestMethods(TestInvoker.java:146)
	at org.testng.internal.TestMethodWorker.invokeTestMethods(TestMethodWorker.java:146)
	at org.testng.internal.TestMethodWorker.run(TestMethodWorker.java:128)
	at java.base/java.util.ArrayList.forEach(ArrayList.java:1541)
	at org.testng.TestRunner.privateRun(TestRunner.java:794)
	at org.testng.TestRunner.run(TestRunner.java:596)
	at org.testng.SuiteRunner.runTest(SuiteRunner.java:377)
	at org.testng.SuiteRunner.runSequentially(SuiteRunner.java:371)
	at org.testng.SuiteRunner.privateRun(SuiteRunner.java:332)
	at org.testng.SuiteRunner.run(SuiteRunner.java:276)
	at org.testng.SuiteRunnerWorker.runSuite(SuiteRunnerWorker.java:53)
	at org.testng.SuiteRunnerWorker.run(SuiteRunnerWorker.java:96)
	at org.testng.TestNG.runSuitesSequentially(TestNG.java:1212)
	at org.testng.TestNG.runSuitesLocally(TestNG.java:1134)
	at org.testng.TestNG.runSuites(TestNG.java:1063)
	at org.testng.TestNG.run(TestNG.java:1031)
	at org.testng.remote.AbstractRemoteTestNG.run(AbstractRemoteTestNG.java:115)
	at org.testng.remote.RemoteTestNG.initAndRun(RemoteTestNG.java:251)
	at org.testng.remote.RemoteTestNG.main(RemoteTestNG.java:77)
</pre></div></td>
<td>0</td>
<td>Day3.MyFirstTestNGtest6@428640fa</td></tr>
<tr>
<td title='Day3.AssertionDemo.test4()'><b>test4</b><br>Test class: Day3.AssertionDemo</td>
<td><div><pre>java.lang.AssertionError: expected [true] but found [false]
	at Day3.AssertionDemo.test4(AssertionDemo.java:28)
	at java.base/java.util.ArrayList.forEach(ArrayList.java:1541)
... Removed 31 stack frames</pre></div><a href='#' onClick='toggleBox("stack-trace976133979", this, "Click to show all stack frames", "Click to hide stack frames")'>Click to show all stack frames</a>
<div class='stack-trace' id='stack-trace976133979'><pre>java.lang.AssertionError: expected [true] but found [false]
	at org.testng.Assert.fail(Assert.java:99)
	at org.testng.Assert.failNotEquals(Assert.java:1037)
	at org.testng.Assert.assertTrue(Assert.java:45)
	at org.testng.Assert.assertTrue(Assert.java:55)
	at Day3.AssertionDemo.test4(AssertionDemo.java:28)
	at java.base/jdk.internal.reflect.NativeMethodAccessorImpl.invoke0(Native Method)
	at java.base/jdk.internal.reflect.NativeMethodAccessorImpl.invoke(NativeMethodAccessorImpl.java:62)
	at java.base/jdk.internal.reflect.DelegatingMethodAccessorImpl.invoke(DelegatingMethodAccessorImpl.java:43)
	at java.base/java.lang.reflect.Method.invoke(Method.java:566)
	at org.testng.internal.MethodInvocationHelper.invokeMethod(MethodInvocationHelper.java:133)
	at org.testng.internal.TestInvoker.invokeMethod(TestInvoker.java:598)
	at org.testng.internal.TestInvoker.invokeTestMethod(TestInvoker.java:173)
	at org.testng.internal.MethodRunner.runInSequence(MethodRunner.java:46)
	at org.testng.internal.TestInvoker$MethodInvocationAgent.invoke(TestInvoker.java:824)
	at org.testng.internal.TestInvoker.invokeTestMethods(TestInvoker.java:146)
	at org.testng.internal.TestMethodWorker.invokeTestMethods(TestMethodWorker.java:146)
	at org.testng.internal.TestMethodWorker.run(TestMethodWorker.java:128)
	at java.base/java.util.ArrayList.forEach(ArrayList.java:1541)
	at org.testng.TestRunner.privateRun(TestRunner.java:794)
	at org.testng.TestRunner.run(TestRunner.java:596)
	at org.testng.SuiteRunner.runTest(SuiteRunner.java:377)
	at org.testng.SuiteRunner.runSequentially(SuiteRunner.java:371)
	at org.testng.SuiteRunner.privateRun(SuiteRunner.java:332)
	at org.testng.SuiteRunner.run(SuiteRunner.java:276)
	at org.testng.SuiteRunnerWorker.runSuite(SuiteRunnerWorker.java:53)
	at org.testng.SuiteRunnerWorker.run(SuiteRunnerWorker.java:96)
	at org.testng.TestNG.runSuitesSequentially(TestNG.java:1212)
	at org.testng.TestNG.runSuitesLocally(TestNG.java:1134)
	at org.testng.TestNG.runSuites(TestNG.java:1063)
	at org.testng.TestNG.run(TestNG.java:1031)
	at org.testng.remote.AbstractRemoteTestNG.run(AbstractRemoteTestNG.java:115)
	at org.testng.remote.RemoteTestNG.initAndRun(RemoteTestNG.java:251)
	at org.testng.remote.RemoteTestNG.main(RemoteTestNG.java:77)
</pre></div></td>
<td>0</td>
<td>Day3.AssertionDemo@d9345cd</td></tr>
<tr>
<td title='Day3.AssertionDemo.test2()'><b>test2</b><br>Test class: Day3.AssertionDemo</td>
<td><div><pre>java.lang.AssertionError: Aseertion Failed expected [13] but found [12]
	at Day3.AssertionDemo.test2(AssertionDemo.java:16)
	at java.base/java.util.ArrayList.forEach(ArrayList.java:1541)
... Removed 32 stack frames</pre></div><a href='#' onClick='toggleBox("stack-trace2135359921", this, "Click to show all stack frames", "Click to hide stack frames")'>Click to show all stack frames</a>
<div class='stack-trace' id='stack-trace2135359921'><pre>java.lang.AssertionError: Aseertion Failed expected [13] but found [12]
	at org.testng.Assert.fail(Assert.java:99)
	at org.testng.Assert.failNotEquals(Assert.java:1037)
	at org.testng.Assert.assertEqualsImpl(Assert.java:140)
	at org.testng.Assert.assertEquals(Assert.java:122)
	at org.testng.Assert.assertEquals(Assert.java:907)
	at Day3.AssertionDemo.test2(AssertionDemo.java:16)
	at java.base/jdk.internal.reflect.NativeMethodAccessorImpl.invoke0(Native Method)
	at java.base/jdk.internal.reflect.NativeMethodAccessorImpl.invoke(NativeMethodAccessorImpl.java:62)
	at java.base/jdk.internal.reflect.DelegatingMethodAccessorImpl.invoke(DelegatingMethodAccessorImpl.java:43)
	at java.base/java.lang.reflect.Method.invoke(Method.java:566)
	at org.testng.internal.MethodInvocationHelper.invokeMethod(MethodInvocationHelper.java:133)
	at org.testng.internal.TestInvoker.invokeMethod(TestInvoker.java:598)
	at org.testng.internal.TestInvoker.invokeTestMethod(TestInvoker.java:173)
	at org.testng.internal.MethodRunner.runInSequence(MethodRunner.java:46)
	at org.testng.internal.TestInvoker$MethodInvocationAgent.invoke(TestInvoker.java:824)
	at org.testng.internal.TestInvoker.invokeTestMethods(TestInvoker.java:146)
	at org.testng.internal.TestMethodWorker.invokeTestMethods(TestMethodWorker.java:146)
	at org.testng.internal.TestMethodWorker.run(TestMethodWorker.java:128)
	at java.base/java.util.ArrayList.forEach(ArrayList.java:1541)
	at org.testng.TestRunner.privateRun(TestRunner.java:794)
	at org.testng.TestRunner.run(TestRunner.java:596)
	at org.testng.SuiteRunner.runTest(SuiteRunner.java:377)
	at org.testng.SuiteRunner.runSequentially(SuiteRunner.java:371)
	at org.testng.SuiteRunner.privateRun(SuiteRunner.java:332)
	at org.testng.SuiteRunner.run(SuiteRunner.java:276)
	at org.testng.SuiteRunnerWorker.runSuite(SuiteRunnerWorker.java:53)
	at org.testng.SuiteRunnerWorker.run(SuiteRunnerWorker.java:96)
	at org.testng.TestNG.runSuitesSequentially(TestNG.java:1212)
	at org.testng.TestNG.runSuitesLocally(TestNG.java:1134)
	at org.testng.TestNG.runSuites(TestNG.java:1063)
	at org.testng.TestNG.run(TestNG.java:1031)
	at org.testng.remote.AbstractRemoteTestNG.run(AbstractRemoteTestNG.java:115)
	at org.testng.remote.RemoteTestNG.initAndRun(RemoteTestNG.java:251)
	at org.testng.remote.RemoteTestNG.main(RemoteTestNG.java:77)
</pre></div></td>
<td>0</td>
<td>Day3.AssertionDemo@d9345cd</td></tr>
<tr>
<td title='Day3.AssertionDemo.test1()'><b>test1</b><br>Test class: Day3.AssertionDemo</td>
<td><div><pre>java.lang.AssertionError: expected [13] but found [12]
	at Day3.AssertionDemo.test1(AssertionDemo.java:11)
	at java.base/java.util.ArrayList.forEach(ArrayList.java:1541)
... Removed 33 stack frames</pre></div><a href='#' onClick='toggleBox("stack-trace404994500", this, "Click to show all stack frames", "Click to hide stack frames")'>Click to show all stack frames</a>
<div class='stack-trace' id='stack-trace404994500'><pre>java.lang.AssertionError: expected [13] but found [12]
	at org.testng.Assert.fail(Assert.java:99)
	at org.testng.Assert.failNotEquals(Assert.java:1037)
	at org.testng.Assert.assertEqualsImpl(Assert.java:140)
	at org.testng.Assert.assertEquals(Assert.java:122)
	at org.testng.Assert.assertEquals(Assert.java:907)
	at org.testng.Assert.assertEquals(Assert.java:917)
	at Day3.AssertionDemo.test1(AssertionDemo.java:11)
	at java.base/jdk.internal.reflect.NativeMethodAccessorImpl.invoke0(Native Method)
	at java.base/jdk.internal.reflect.NativeMethodAccessorImpl.invoke(NativeMethodAccessorImpl.java:62)
	at java.base/jdk.internal.reflect.DelegatingMethodAccessorImpl.invoke(DelegatingMethodAccessorImpl.java:43)
	at java.base/java.lang.reflect.Method.invoke(Method.java:566)
	at org.testng.internal.MethodInvocationHelper.invokeMethod(MethodInvocationHelper.java:133)
	at org.testng.internal.TestInvoker.invokeMethod(TestInvoker.java:598)
	at org.testng.internal.TestInvoker.invokeTestMethod(TestInvoker.java:173)
	at org.testng.internal.MethodRunner.runInSequence(MethodRunner.java:46)
	at org.testng.internal.TestInvoker$MethodInvocationAgent.invoke(TestInvoker.java:824)
	at org.testng.internal.TestInvoker.invokeTestMethods(TestInvoker.java:146)
	at org.testng.internal.TestMethodWorker.invokeTestMethods(TestMethodWorker.java:146)
	at org.testng.internal.TestMethodWorker.run(TestMethodWorker.java:128)
	at java.base/java.util.ArrayList.forEach(ArrayList.java:1541)
	at org.testng.TestRunner.privateRun(TestRunner.java:794)
	at org.testng.TestRunner.run(TestRunner.java:596)
	at org.testng.SuiteRunner.runTest(SuiteRunner.java:377)
	at org.testng.SuiteRunner.runSequentially(SuiteRunner.java:371)
	at org.testng.SuiteRunner.privateRun(SuiteRunner.java:332)
	at org.testng.SuiteRunner.run(SuiteRunner.java:276)
	at org.testng.SuiteRunnerWorker.runSuite(SuiteRunnerWorker.java:53)
	at org.testng.SuiteRunnerWorker.run(SuiteRunnerWorker.java:96)
	at org.testng.TestNG.runSuitesSequentially(TestNG.java:1212)
	at org.testng.TestNG.runSuitesLocally(TestNG.java:1134)
	at org.testng.TestNG.runSuites(TestNG.java:1063)
	at org.testng.TestNG.run(TestNG.java:1031)
	at org.testng.remote.AbstractRemoteTestNG.run(AbstractRemoteTestNG.java:115)
	at org.testng.remote.RemoteTestNG.initAndRun(RemoteTestNG.java:251)
	at org.testng.remote.RemoteTestNG.main(RemoteTestNG.java:77)
</pre></div></td>
<td>0</td>
<td>Day3.AssertionDemo@d9345cd</td></tr>
<tr>
<td title='Day3.LoginTest.createUserandLogout()'><b>createUserandLogout</b><br>Test class: Day3.LoginTest</td>
<td><div><pre>org.openqa.selenium.NoSuchElementException: no such element: Unable to locate element: {&quot;method&quot;:&quot;css selector&quot;,&quot;selector&quot;:&quot;#menu_admin_viewAdminModule&quot;}
  (Session info: chrome=107.0.5304.107)
For documentation on this error, please visit: https://selenium.dev/exceptions/#no_such_element
Build info: version: &apos;4.6.0&apos;, revision: &apos;79f1c02ae20&apos;
System info: os.name: &apos;Windows 11&apos;, os.arch: &apos;amd64&apos;, os.version: &apos;10.0&apos;, java.version: &apos;11.0.16.1&apos;
Driver info: org.openqa.selenium.chrome.ChromeDriver
Command: [fe921e7b3a3d85378a7da329893bca6a, findElement {using=id, value=menu_admin_viewAdminModule}]
Capabilities {acceptInsecureCerts: false, browserName: chrome, browserVersion: 107.0.5304.107, chrome: {chromedriverVersion: 107.0.5304.62 (1eec40d3a576..., userDataDir: C:\Users\saikashi\AppData\L...}, goog:chromeOptions: {debuggerAddress: localhost:64875}, networkConnectionEnabled: false, pageLoadStrategy: normal, platformName: WINDOWS, proxy: Proxy(), se:cdp: ws://localhost:64875/devtoo..., se:cdpVersion: 107.0.5304.107, setWindowRect: true, strictFileInteractability: false, timeouts: {implicit: 0, pageLoad: 300000, script: 30000}, unhandledPromptBehavior: dismiss and notify, webauthn:extension:credBlob: true, webauthn:extension:largeBlob: true, webauthn:virtualAuthenticators: true}
Session ID: fe921e7b3a3d85378a7da329893bca6a
	at org.openqa.selenium.remote.codec.w3c.W3CHttpResponseCodec.createException(W3CHttpResponseCodec.java:200)
	at org.openqa.selenium.remote.codec.w3c.W3CHttpResponseCodec.decode(W3CHttpResponseCodec.java:133)
	at org.openqa.selenium.remote.codec.w3c.W3CHttpResponseCodec.decode(W3CHttpResponseCodec.java:53)
	at org.openqa.selenium.remote.HttpCommandExecutor.execute(HttpCommandExecutor.java:184)
	at org.openqa.selenium.remote.service.DriverCommandExecutor.invokeExecute(DriverCommandExecutor.java:167)
	at org.openqa.selenium.remote.service.DriverCommandExecutor.execute(DriverCommandExecutor.java:142)
	at org.openqa.selenium.remote.RemoteWebDriver.execute(RemoteWebDriver.java:541)
	at org.openqa.selenium.remote.ElementLocation$ElementFinder$2.findElement(ElementLocation.java:162)
	at org.openqa.selenium.remote.ElementLocation.findElement(ElementLocation.java:60)
	at org.openqa.selenium.remote.RemoteWebDriver.findElement(RemoteWebDriver.java:365)
	at org.openqa.selenium.remote.RemoteWebDriver.findElement(RemoteWebDriver.java:357)
	at Day3.LoginTest.createUserandLogout(LoginTest.java:69)
	at java.base/java.util.ArrayList.forEach(ArrayList.java:1541)
... Removed 31 stack frames</pre></div><a href='#' onClick='toggleBox("stack-trace1841099284", this, "Click to show all stack frames", "Click to hide stack frames")'>Click to show all stack frames</a>
<div class='stack-trace' id='stack-trace1841099284'><pre>org.openqa.selenium.NoSuchElementException: no such element: Unable to locate element: {&quot;method&quot;:&quot;css selector&quot;,&quot;selector&quot;:&quot;#menu_admin_viewAdminModule&quot;}
  (Session info: chrome=107.0.5304.107)
For documentation on this error, please visit: https://selenium.dev/exceptions/#no_such_element
Build info: version: &apos;4.6.0&apos;, revision: &apos;79f1c02ae20&apos;
System info: os.name: &apos;Windows 11&apos;, os.arch: &apos;amd64&apos;, os.version: &apos;10.0&apos;, java.version: &apos;11.0.16.1&apos;
Driver info: org.openqa.selenium.chrome.ChromeDriver
Command: [fe921e7b3a3d85378a7da329893bca6a, findElement {using=id, value=menu_admin_viewAdminModule}]
Capabilities {acceptInsecureCerts: false, browserName: chrome, browserVersion: 107.0.5304.107, chrome: {chromedriverVersion: 107.0.5304.62 (1eec40d3a576..., userDataDir: C:\Users\saikashi\AppData\L...}, goog:chromeOptions: {debuggerAddress: localhost:64875}, networkConnectionEnabled: false, pageLoadStrategy: normal, platformName: WINDOWS, proxy: Proxy(), se:cdp: ws://localhost:64875/devtoo..., se:cdpVersion: 107.0.5304.107, setWindowRect: true, strictFileInteractability: false, timeouts: {implicit: 0, pageLoad: 300000, script: 30000}, unhandledPromptBehavior: dismiss and notify, webauthn:extension:credBlob: true, webauthn:extension:largeBlob: true, webauthn:virtualAuthenticators: true}
Session ID: fe921e7b3a3d85378a7da329893bca6a
	at java.base/jdk.internal.reflect.NativeConstructorAccessorImpl.newInstance0(Native Method)
	at java.base/jdk.internal.reflect.NativeConstructorAccessorImpl.newInstance(NativeConstructorAccessorImpl.java:62)
	at java.base/jdk.internal.reflect.DelegatingConstructorAccessorImpl.newInstance(DelegatingConstructorAccessorImpl.java:45)
	at java.base/java.lang.reflect.Constructor.newInstance(Constructor.java:490)
	at org.openqa.selenium.remote.codec.w3c.W3CHttpResponseCodec.createException(W3CHttpResponseCodec.java:200)
	at org.openqa.selenium.remote.codec.w3c.W3CHttpResponseCodec.decode(W3CHttpResponseCodec.java:133)
	at org.openqa.selenium.remote.codec.w3c.W3CHttpResponseCodec.decode(W3CHttpResponseCodec.java:53)
	at org.openqa.selenium.remote.HttpCommandExecutor.execute(HttpCommandExecutor.java:184)
	at org.openqa.selenium.remote.service.DriverCommandExecutor.invokeExecute(DriverCommandExecutor.java:167)
	at org.openqa.selenium.remote.service.DriverCommandExecutor.execute(DriverCommandExecutor.java:142)
	at org.openqa.selenium.remote.RemoteWebDriver.execute(RemoteWebDriver.java:541)
	at org.openqa.selenium.remote.ElementLocation$ElementFinder$2.findElement(ElementLocation.java:162)
	at org.openqa.selenium.remote.ElementLocation.findElement(ElementLocation.java:60)
	at org.openqa.selenium.remote.RemoteWebDriver.findElement(RemoteWebDriver.java:365)
	at org.openqa.selenium.remote.RemoteWebDriver.findElement(RemoteWebDriver.java:357)
	at Day3.LoginTest.createUserandLogout(LoginTest.java:69)
	at java.base/jdk.internal.reflect.NativeMethodAccessorImpl.invoke0(Native Method)
	at java.base/jdk.internal.reflect.NativeMethodAccessorImpl.invoke(NativeMethodAccessorImpl.java:62)
	at java.base/jdk.internal.reflect.DelegatingMethodAccessorImpl.invoke(DelegatingMethodAccessorImpl.java:43)
	at java.base/java.lang.reflect.Method.invoke(Method.java:566)
	at org.testng.internal.MethodInvocationHelper.invokeMethod(MethodInvocationHelper.java:133)
	at org.testng.internal.TestInvoker.invokeMethod(TestInvoker.java:598)
	at org.testng.internal.TestInvoker.invokeTestMethod(TestInvoker.java:173)
	at org.testng.internal.MethodRunner.runInSequence(MethodRunner.java:46)
	at org.testng.internal.TestInvoker$MethodInvocationAgent.invoke(TestInvoker.java:824)
	at org.testng.internal.TestInvoker.invokeTestMethods(TestInvoker.java:146)
	at org.testng.internal.TestMethodWorker.invokeTestMethods(TestMethodWorker.java:146)
	at org.testng.internal.TestMethodWorker.run(TestMethodWorker.java:128)
	at java.base/java.util.ArrayList.forEach(ArrayList.java:1541)
	at org.testng.TestRunner.privateRun(TestRunner.java:794)
	at org.testng.TestRunner.run(TestRunner.java:596)
	at org.testng.SuiteRunner.runTest(SuiteRunner.java:377)
	at org.testng.SuiteRunner.runSequentially(SuiteRunner.java:371)
	at org.testng.SuiteRunner.privateRun(SuiteRunner.java:332)
	at org.testng.SuiteRunner.run(SuiteRunner.java:276)
	at org.testng.SuiteRunnerWorker.runSuite(SuiteRunnerWorker.java:53)
	at org.testng.SuiteRunnerWorker.run(SuiteRunnerWorker.java:96)
	at org.testng.TestNG.runSuitesSequentially(TestNG.java:1212)
	at org.testng.TestNG.runSuitesLocally(TestNG.java:1134)
	at org.testng.TestNG.runSuites(TestNG.java:1063)
	at org.testng.TestNG.run(TestNG.java:1031)
	at org.testng.remote.AbstractRemoteTestNG.run(AbstractRemoteTestNG.java:115)
	at org.testng.remote.RemoteTestNG.initAndRun(RemoteTestNG.java:251)
	at org.testng.remote.RemoteTestNG.main(RemoteTestNG.java:77)
</pre></div></td>
<td>0</td>
<td>Day3.LoginTest@3a44431a</td></tr>
<tr>
<td title='Day3.MyFirstTestNGtest7.test1()'><b>test1</b><br>Test class: Day3.MyFirstTestNGtest7<br/>
<a href="#Output-513241240" onClick='toggleBox("Output-513241240", this, "Show output", "Hide output");'>Show output</a>

<a href="#Output-513241240" onClick="toggleAllBoxes();">Show all outputs</a>
<div class='log' id="Output-513241240">
Exectued test case1<br/>
</div>
</td>
<td><div><pre>java.lang.AssertionError: expected [true] but found [false]
	at Day3.MyFirstTestNGtest7.test1(MyFirstTestNGtest7.java:13)
	at java.base/java.util.ArrayList.forEach(ArrayList.java:1541)
... Removed 31 stack frames</pre></div><a href='#' onClick='toggleBox("stack-trace513241240", this, "Click to show all stack frames", "Click to hide stack frames")'>Click to show all stack frames</a>
<div class='stack-trace' id='stack-trace513241240'><pre>java.lang.AssertionError: expected [true] but found [false]
	at org.testng.Assert.fail(Assert.java:99)
	at org.testng.Assert.failNotEquals(Assert.java:1037)
	at org.testng.Assert.assertTrue(Assert.java:45)
	at org.testng.Assert.assertTrue(Assert.java:55)
	at Day3.MyFirstTestNGtest7.test1(MyFirstTestNGtest7.java:13)
	at java.base/jdk.internal.reflect.NativeMethodAccessorImpl.invoke0(Native Method)
	at java.base/jdk.internal.reflect.NativeMethodAccessorImpl.invoke(NativeMethodAccessorImpl.java:62)
	at java.base/jdk.internal.reflect.DelegatingMethodAccessorImpl.invoke(DelegatingMethodAccessorImpl.java:43)
	at java.base/java.lang.reflect.Method.invoke(Method.java:566)
	at org.testng.internal.MethodInvocationHelper.invokeMethod(MethodInvocationHelper.java:133)
	at org.testng.internal.TestInvoker.invokeMethod(TestInvoker.java:598)
	at org.testng.internal.TestInvoker.invokeTestMethod(TestInvoker.java:173)
	at org.testng.internal.MethodRunner.runInSequence(MethodRunner.java:46)
	at org.testng.internal.TestInvoker$MethodInvocationAgent.invoke(TestInvoker.java:824)
	at org.testng.internal.TestInvoker.invokeTestMethods(TestInvoker.java:146)
	at org.testng.internal.TestMethodWorker.invokeTestMethods(TestMethodWorker.java:146)
	at org.testng.internal.TestMethodWorker.run(TestMethodWorker.java:128)
	at java.base/java.util.ArrayList.forEach(ArrayList.java:1541)
	at org.testng.TestRunner.privateRun(TestRunner.java:794)
	at org.testng.TestRunner.run(TestRunner.java:596)
	at org.testng.SuiteRunner.runTest(SuiteRunner.java:377)
	at org.testng.SuiteRunner.runSequentially(SuiteRunner.java:371)
	at org.testng.SuiteRunner.privateRun(SuiteRunner.java:332)
	at org.testng.SuiteRunner.run(SuiteRunner.java:276)
	at org.testng.SuiteRunnerWorker.runSuite(SuiteRunnerWorker.java:53)
	at org.testng.SuiteRunnerWorker.run(SuiteRunnerWorker.java:96)
	at org.testng.TestNG.runSuitesSequentially(TestNG.java:1212)
	at org.testng.TestNG.runSuitesLocally(TestNG.java:1134)
	at org.testng.TestNG.runSuites(TestNG.java:1063)
	at org.testng.TestNG.run(TestNG.java:1031)
	at org.testng.remote.AbstractRemoteTestNG.run(AbstractRemoteTestNG.java:115)
	at org.testng.remote.RemoteTestNG.initAndRun(RemoteTestNG.java:251)
	at org.testng.remote.RemoteTestNG.main(RemoteTestNG.java:77)
</pre></div></td>
<td>0</td>
<td>Day3.MyFirstTestNGtest7@4c1909a3</td></tr>
</table><p>
<table width='100%' border='1' class='invocation-passed'>
<tr><td colspan='4' align='center'><b>PASSED TESTS</b></td></tr>
<tr><td><b>Test method</b></td>
<td width="30%"><b>Exception</b></td>
<td width="10%"><b>Time (seconds)</b></td>
<td><b>Instance</b></td>
</tr>
<tr>
<td title='Day3.MyFirstTestNGtest2.createAccount()'><b>createAccount</b><br>Test class: Day3.MyFirstTestNGtest2</td>
<td></td>
<td>0</td>
<td>Day3.MyFirstTestNGtest2@4659191b</td></tr>
<tr>
<td title='Day3.AssertionDemo.test3()'><b>test3</b><br>Test class: Day3.AssertionDemo</td>
<td></td>
<td>0</td>
<td>Day3.AssertionDemo@d9345cd</td></tr>
<tr>
<td title='Day3.AssertionDemo.test5()'><b>test5</b><br>Test class: Day3.AssertionDemo</td>
<td></td>
<td>0</td>
<td>Day3.AssertionDemo@d9345cd</td></tr>
<tr>
<td title='Day3.SmokeTest.verifyTitle()'><b>verifyTitle</b><br>Test class: Day3.SmokeTest</td>
<td></td>
<td>0</td>
<td>Day3.SmokeTest@55634720</td></tr>
<tr>
<td title='Day3.MyFirstTestNGtest5.test2()'><b>test2</b><br>Test class: Day3.MyFirstTestNGtest5</td>
<td></td>
<td>0</td>
<td>Day3.MyFirstTestNGtest5@29215f06</td></tr>
<tr>
<td title='Day3.MyFirstTestNGtest5.test2()'><b>test2</b><br>Test class: Day3.MyFirstTestNGtest5</td>
<td></td>
<td>0</td>
<td>Day3.MyFirstTestNGtest5@29215f06</td></tr>
<tr>
<td title='Day3.SmokeTestBasic.verifyElements()'><b>verifyElements</b><br>Test class: Day3.SmokeTestBasic</td>
<td></td>
<td>3</td>
<td>Day3.SmokeTestBasic@2dc54ad4</td></tr>
<tr>
<td title='Day3.MyFirstTestNGtest5.test2()'><b>test2</b><br>Test class: Day3.MyFirstTestNGtest5</td>
<td></td>
<td>0</td>
<td>Day3.MyFirstTestNGtest5@29215f06</td></tr>
<tr>
<td title='Day3.MyFirstTestNGtest2.logOutApplication()'><b>logOutApplication</b><br>Test class: Day3.MyFirstTestNGtest2</td>
<td></td>
<td>0</td>
<td>Day3.MyFirstTestNGtest2@4659191b</td></tr>
<tr>
<td title='Day3.MyFirstTestNGtest5.test2()'><b>test2</b><br>Test class: Day3.MyFirstTestNGtest5</td>
<td></td>
<td>0</td>
<td>Day3.MyFirstTestNGtest5@29215f06</td></tr>
<tr>
<td title='Day3.MyFirstTestNGtest3.createAccount()'><b>createAccount</b><br>Test class: Day3.MyFirstTestNGtest3</td>
<td></td>
<td>0</td>
<td>Day3.MyFirstTestNGtest3@1af2d44a</td></tr>
<tr>
<td title='Day3.MyFirstTestNGtest5.test2()'><b>test2</b><br>Test class: Day3.MyFirstTestNGtest5</td>
<td></td>
<td>0</td>
<td>Day3.MyFirstTestNGtest5@29215f06</td></tr>
<tr>
<td title='Day3.MyFirstTestNGtest5.test2()'><b>test2</b><br>Test class: Day3.MyFirstTestNGtest5</td>
<td></td>
<td>0</td>
<td>Day3.MyFirstTestNGtest5@29215f06</td></tr>
<tr>
<td title='Day3.LoginTest.invalidUsernameandPassword()'><b>invalidUsernameandPassword</b><br>Test class: Day3.LoginTest</td>
<td></td>
<td>0</td>
<td>Day3.LoginTest@3a44431a</td></tr>
<tr>
<td title='Day3.SmokeTestBasic.verifyTitle()'><b>verifyTitle</b><br>Test class: Day3.SmokeTestBasic</td>
<td></td>
<td>3</td>
<td>Day3.SmokeTestBasic@2dc54ad4</td></tr>
<tr>
<td title='Day3.MyFirstTestNGtest4.deleteAccount()'><b>deleteAccount</b><br>Test class: Day3.MyFirstTestNGtest4</td>
<td></td>
<td>0</td>
<td>Day3.MyFirstTestNGtest4@59505b48</td></tr>
<tr>
<td title='Day3.LoginTest.invalidPassword()'><b>invalidPassword</b><br>Test class: Day3.LoginTest</td>
<td></td>
<td>0</td>
<td>Day3.LoginTest@3a44431a</td></tr>
<tr>
<td title='Day3.SameTestMultipleTimes.test2()'><b>test2</b><br>Test class: Day3.SameTestMultipleTimes<br>Test method: Demo Test</td>
<td></td>
<td>0</td>
<td>Day3.SameTestMultipleTimes@4b0d79fc</td></tr>
<tr>
<td title='Day3.MyFirstTestNGtest3.logOutApplication()'><b>logOutApplication</b><br>Test class: Day3.MyFirstTestNGtest3</td>
<td></td>
<td>0</td>
<td>Day3.MyFirstTestNGtest3@1af2d44a</td></tr>
<tr>
<td title='Day3.MyFirstTestNGtest2.login()'><b>login</b><br>Test class: Day3.MyFirstTestNGtest2</td>
<td></td>
<td>0</td>
<td>Day3.MyFirstTestNGtest2@4659191b</td></tr>
<tr>
<td title='Day3.MyFirstTestNGtest4.createAccount()'><b>createAccount</b><br>Test class: Day3.MyFirstTestNGtest4</td>
<td></td>
<td>0</td>
<td>Day3.MyFirstTestNGtest4@59505b48</td></tr>
<tr>
<td title='Day3.MyFirstTestNGtest5.test2()'><b>test2</b><br>Test class: Day3.MyFirstTestNGtest5</td>
<td></td>
<td>0</td>
<td>Day3.MyFirstTestNGtest5@29215f06</td></tr>
<tr>
<td title='Day3.SmokeTest.verifyForgotPasswordLink()'><b>verifyForgotPasswordLink</b><br>Test class: Day3.SmokeTest</td>
<td></td>
<td>0</td>
<td>Day3.SmokeTest@55634720</td></tr>
<tr>
<td title='Day3.MyFirstTestNGtest5.test2()'><b>test2</b><br>Test class: Day3.MyFirstTestNGtest5</td>
<td></td>
<td>0</td>
<td>Day3.MyFirstTestNGtest5@29215f06</td></tr>
<tr>
<td title='Day3.MyFirstTestNGtest4.logOutApplication()'><b>logOutApplication</b><br>Test class: Day3.MyFirstTestNGtest4</td>
<td></td>
<td>0</td>
<td>Day3.MyFirstTestNGtest4@59505b48</td></tr>
<tr>
<td title='Day3.MyFirstTestNGtest5.test2()'><b>test2</b><br>Test class: Day3.MyFirstTestNGtest5</td>
<td></td>
<td>0</td>
<td>Day3.MyFirstTestNGtest5@29215f06</td></tr>
<tr>
<td title='Day3.LoginTest.invalidUsername()'><b>invalidUsername</b><br>Test class: Day3.LoginTest</td>
<td></td>
<td>0</td>
<td>Day3.LoginTest@3a44431a</td></tr>
<tr>
<td title='Day3.SmokeTest.verifySocialMediaCount()'><b>verifySocialMediaCount</b><br>Test class: Day3.SmokeTest</td>
<td></td>
<td>0</td>
<td>Day3.SmokeTest@55634720</td></tr>
<tr>
<td title='Day3.MyFirstTestNGtest.test3()'><b>test3</b><br>Test class: Day3.MyFirstTestNGtest</td>
<td></td>
<td>0</td>
<td>Day3.MyFirstTestNGtest@2d710f1a</td></tr>
<tr>
<td title='Day3.SmokeTestBasic.verifySocialMediaCount()'><b>verifySocialMediaCount</b><br>Test class: Day3.SmokeTestBasic</td>
<td></td>
<td>3</td>
<td>Day3.SmokeTestBasic@2dc54ad4</td></tr>
<tr>
<td title='Day3.MyFirstTestNGtest6.test2()'><b>test2</b><br>Test class: Day3.MyFirstTestNGtest6</td>
<td></td>
<td>0</td>
<td>Day3.MyFirstTestNGtest6@428640fa</td></tr>
<tr>
<td title='Day3.MyFirstTestNGtest4.login()'><b>login</b><br>Test class: Day3.MyFirstTestNGtest4</td>
<td></td>
<td>0</td>
<td>Day3.MyFirstTestNGtest4@59505b48</td></tr>
<tr>
<td title='Day3.MyFirstTestNGtest3.deleteAccount()'><b>deleteAccount</b><br>Test class: Day3.MyFirstTestNGtest3</td>
<td></td>
<td>0</td>
<td>Day3.MyFirstTestNGtest3@1af2d44a</td></tr>
<tr>
<td title='Day3.LoginTest.validUsernameandPassword()'><b>validUsernameandPassword</b><br>Test class: Day3.LoginTest</td>
<td></td>
<td>3</td>
<td>Day3.LoginTest@3a44431a</td></tr>
<tr>
<td title='Day3.MyFirstTestNGtest3.login()'><b>login</b><br>Test class: Day3.MyFirstTestNGtest3</td>
<td></td>
<td>0</td>
<td>Day3.MyFirstTestNGtest3@1af2d44a</td></tr>
<tr>
<td title='Day3.MyFirstTestNGtest.test2()'><b>test2</b><br>Test class: Day3.MyFirstTestNGtest</td>
<td></td>
<td>0</td>
<td>Day3.MyFirstTestNGtest@2d710f1a</td></tr>
<tr>
<td title='Day3.SmokeTest.verifyElements()'><b>verifyElements</b><br>Test class: Day3.SmokeTest</td>
<td></td>
<td>0</td>
<td>Day3.SmokeTest@55634720</td></tr>
<tr>
<td title='Day3.MyFirstTestNGtest2.deleteAccount()'><b>deleteAccount</b><br>Test class: Day3.MyFirstTestNGtest2</td>
<td></td>
<td>0</td>
<td>Day3.MyFirstTestNGtest2@4659191b</td></tr>
<tr>
<td title='Day3.SmokeTestBasic.verifyForgotPasswordLink()'><b>verifyForgotPasswordLink</b><br>Test class: Day3.SmokeTestBasic</td>
<td></td>
<td>3</td>
<td>Day3.SmokeTestBasic@2dc54ad4</td></tr>
<tr>
<td title='Day3.MyFirstTestNGtest.test1()'><b>test1</b><br>Test class: Day3.MyFirstTestNGtest</td>
<td></td>
<td>0</td>
<td>Day3.MyFirstTestNGtest@2d710f1a</td></tr>
<tr>
<td title='Day3.AssertionDemo.test7()'><b>test7</b><br>Test class: Day3.AssertionDemo</td>
<td></td>
<td>0</td>
<td>Day3.AssertionDemo@d9345cd</td></tr>
<tr>
<td title='Day3.MyFirstTestNGtest5.test2()'><b>test2</b><br>Test class: Day3.MyFirstTestNGtest5</td>
<td></td>
<td>0</td>
<td>Day3.MyFirstTestNGtest5@29215f06</td></tr>
<tr>
<td title='Day3.AssertionDemo.test6()'><b>test6</b><br>Test class: Day3.AssertionDemo</td>
<td></td>
<td>0</td>
<td>Day3.AssertionDemo@d9345cd</td></tr>
</table><p>
<table width='100%' border='1' class='invocation-skipped'>
<tr><td colspan='4' align='center'><b>SKIPPED TESTS</b></td></tr>
<tr><td><b>Test method</b></td>
<td width="30%"><b>Exception</b></td>
<td width="10%"><b>Time (seconds)</b></td>
<td><b>Instance</b></td>
</tr>
<tr>
<td title='Day3.MyFirstTestNGtest7.test2()'><b>test2</b><br>Test class: Day3.MyFirstTestNGtest7</td>
<td><div><pre>java.lang.Throwable: Method MyFirstTestNGtest7.test2()[pri:0, instance:Day3.MyFirstTestNGtest7@4c1909a3] depends on not successfully finished methods
	at java.base/java.util.ArrayList.forEach(ArrayList.java:1541)
... Removed 18 stack frames</pre></div><a href='#' onClick='toggleBox("stack-trace1169015699", this, "Click to show all stack frames", "Click to hide stack frames")'>Click to show all stack frames</a>
<div class='stack-trace' id='stack-trace1169015699'><pre>java.lang.Throwable: Method MyFirstTestNGtest7.test2()[pri:0, instance:Day3.MyFirstTestNGtest7@4c1909a3] depends on not successfully finished methods
	at org.testng.internal.TestInvoker.invokeTestMethods(TestInvoker.java:102)
	at org.testng.internal.TestMethodWorker.invokeTestMethods(TestMethodWorker.java:146)
	at org.testng.internal.TestMethodWorker.run(TestMethodWorker.java:128)
	at java.base/java.util.ArrayList.forEach(ArrayList.java:1541)
	at org.testng.TestRunner.privateRun(TestRunner.java:794)
	at org.testng.TestRunner.run(TestRunner.java:596)
	at org.testng.SuiteRunner.runTest(SuiteRunner.java:377)
	at org.testng.SuiteRunner.runSequentially(SuiteRunner.java:371)
	at org.testng.SuiteRunner.privateRun(SuiteRunner.java:332)
	at org.testng.SuiteRunner.run(SuiteRunner.java:276)
	at org.testng.SuiteRunnerWorker.runSuite(SuiteRunnerWorker.java:53)
	at org.testng.SuiteRunnerWorker.run(SuiteRunnerWorker.java:96)
	at org.testng.TestNG.runSuitesSequentially(TestNG.java:1212)
	at org.testng.TestNG.runSuitesLocally(TestNG.java:1134)
	at org.testng.TestNG.runSuites(TestNG.java:1063)
	at org.testng.TestNG.run(TestNG.java:1031)
	at org.testng.remote.AbstractRemoteTestNG.run(AbstractRemoteTestNG.java:115)
	at org.testng.remote.RemoteTestNG.initAndRun(RemoteTestNG.java:251)
	at org.testng.remote.RemoteTestNG.main(RemoteTestNG.java:77)
</pre></div></td>
<td>0</td>
<td>Day3.MyFirstTestNGtest7@4c1909a3</td></tr>
</table><p>
</body>
</html>