<?xml version="1.0" encoding="UTF-8"?>
<testng-results ignored="5" total="61" passed="54" failed="2" skipped="0">
  <reporter-output>
    <line>
      <![CDATA[Exectued test case1]]>
    </line>
    <line>
      <![CDATA[Login Done]]>
    </line>
  </reporter-output>
  <suite started-at="2022-11-23T15:38:35 IST" name="SapientAllClasses" finished-at="2022-11-23T15:41:08 IST" duration-ms="153348">
    <groups>
    </groups>
    <test started-at="2022-11-23T15:38:35 IST" name="Test" finished-at="2022-11-23T15:41:08 IST" duration-ms="153348">
      <class name="AutomateAllClasses.HandleAutoSuggestions">
        <test-method signature="HandleAutoSuggestionsA()[pri:0, instance:AutomateAllClasses.HandleAutoSuggestions@66d3eec0]" started-at="2022-11-23T15:40:07 IST" name="HandleAutoSuggestionsA" finished-at="2022-11-23T15:40:16 IST" duration-ms="8953" status="PASS">
          <reporter-output>
          </reporter-output>
        </test-method> <!-- HandleAutoSuggestionsA -->
      </class> <!-- AutomateAllClasses.HandleAutoSuggestions -->
      <class name="AutomateAllClasses.HandleAlert">
        <test-method signature="HandleAlertA()[pri:0, instance:AutomateAllClasses.HandleAlert@2f217633]" started-at="2022-11-23T15:39:21 IST" name="HandleAlertA" finished-at="2022-11-23T15:39:25 IST" duration-ms="4715" status="PASS">
          <reporter-output>
          </reporter-output>
        </test-method> <!-- HandleAlertA -->
      </class> <!-- AutomateAllClasses.HandleAlert -->
      <class name="AutomateAllClasses.HandleMultipleWindow">
        <test-method signature="HandleMultipleWindowA()[pri:0, instance:AutomateAllClasses.HandleMultipleWindow@729d991e]" started-at="2022-11-23T15:41:03 IST" name="HandleMultipleWindowA" finished-at="2022-11-23T15:41:08 IST" duration-ms="5407" status="PASS">
          <reporter-output>
          </reporter-output>
        </test-method> <!-- HandleMultipleWindowA -->
      </class> <!-- AutomateAllClasses.HandleMultipleWindow -->
      <class name="AutomateAllClasses.ActionClassExamples">
        <test-method signature="actionClass()[pri:0, instance:AutomateAllClasses.ActionClassExamples@543588e6]" started-at="2022-11-23T15:40:16 IST" name="actionClass" finished-at="2022-11-23T15:40:20 IST" duration-ms="3943" status="PASS">
          <reporter-output>
          </reporter-output>
        </test-method> <!-- actionClass -->
      </class> <!-- AutomateAllClasses.ActionClassExamples -->
      <class name="AutomateAllClasses.SameTestMultipleTimes">
        <test-method signature="test2()[pri:0, instance:AutomateAllClasses.SameTestMultipleTimes@31fa1761]" started-at="2022-11-23T15:41:08 IST" name="test2" description="Demo Test" finished-at="2022-11-23T15:41:08 IST" duration-ms="0" status="PASS">
          <reporter-output>
          </reporter-output>
        </test-method> <!-- test2 -->
      </class> <!-- AutomateAllClasses.SameTestMultipleTimes -->
      <class name="AutomateAllClasses.AssertionDemo">
        <test-method signature="test5()[pri:0, instance:AutomateAllClasses.AssertionDemo@957e06]" started-at="2022-11-23T15:41:08 IST" name="test5" finished-at="2022-11-23T15:41:08 IST" duration-ms="0" status="PASS">
          <reporter-output>
          </reporter-output>
        </test-method> <!-- test5 -->
        <test-method signature="test7()[pri:0, instance:AutomateAllClasses.AssertionDemo@957e06]" started-at="2022-11-23T15:41:08 IST" name="test7" finished-at="2022-11-23T15:41:08 IST" duration-ms="0" status="PASS">
          <reporter-output>
          </reporter-output>
        </test-method> <!-- test7 -->
        <test-method signature="test6()[pri:0, instance:AutomateAllClasses.AssertionDemo@957e06]" started-at="2022-11-23T15:41:08 IST" name="test6" finished-at="2022-11-23T15:41:08 IST" duration-ms="0" status="PASS">
          <reporter-output>
          </reporter-output>
        </test-method> <!-- test6 -->
      </class> <!-- AutomateAllClasses.AssertionDemo -->
      <class name="AutomateAllClasses.MyFirstTestNGtest5">
        <test-method signature="test2()[pri:0, instance:AutomateAllClasses.MyFirstTestNGtest5@1e04fa0a]" started-at="2022-11-23T15:40:16 IST" name="test2" finished-at="2022-11-23T15:40:16 IST" duration-ms="0" status="PASS">
          <reporter-output>
          </reporter-output>
        </test-method> <!-- test2 -->
        <test-method signature="test2()[pri:0, instance:AutomateAllClasses.MyFirstTestNGtest5@1e04fa0a]" started-at="2022-11-23T15:40:16 IST" name="test2" finished-at="2022-11-23T15:40:16 IST" duration-ms="1" status="PASS">
          <reporter-output>
          </reporter-output>
        </test-method> <!-- test2 -->
        <test-method signature="test2()[pri:0, instance:AutomateAllClasses.MyFirstTestNGtest5@1e04fa0a]" started-at="2022-11-23T15:40:16 IST" name="test2" finished-at="2022-11-23T15:40:16 IST" duration-ms="0" status="PASS">
          <reporter-output>
          </reporter-output>
        </test-method> <!-- test2 -->
        <test-method signature="test2()[pri:0, instance:AutomateAllClasses.MyFirstTestNGtest5@1e04fa0a]" started-at="2022-11-23T15:40:16 IST" name="test2" finished-at="2022-11-23T15:40:16 IST" duration-ms="0" status="PASS">
          <reporter-output>
          </reporter-output>
        </test-method> <!-- test2 -->
        <test-method signature="test2()[pri:0, instance:AutomateAllClasses.MyFirstTestNGtest5@1e04fa0a]" started-at="2022-11-23T15:40:16 IST" name="test2" finished-at="2022-11-23T15:40:16 IST" duration-ms="0" status="PASS">
          <reporter-output>
          </reporter-output>
        </test-method> <!-- test2 -->
        <test-method signature="test2()[pri:0, instance:AutomateAllClasses.MyFirstTestNGtest5@1e04fa0a]" started-at="2022-11-23T15:40:16 IST" name="test2" finished-at="2022-11-23T15:40:16 IST" duration-ms="0" status="PASS">
          <reporter-output>
          </reporter-output>
        </test-method> <!-- test2 -->
        <test-method signature="test2()[pri:0, instance:AutomateAllClasses.MyFirstTestNGtest5@1e04fa0a]" started-at="2022-11-23T15:40:16 IST" name="test2" finished-at="2022-11-23T15:40:16 IST" duration-ms="0" status="PASS">
          <reporter-output>
          </reporter-output>
        </test-method> <!-- test2 -->
        <test-method signature="test2()[pri:0, instance:AutomateAllClasses.MyFirstTestNGtest5@1e04fa0a]" started-at="2022-11-23T15:40:16 IST" name="test2" finished-at="2022-11-23T15:40:16 IST" duration-ms="0" status="PASS">
          <reporter-output>
          </reporter-output>
        </test-method> <!-- test2 -->
        <test-method signature="test2()[pri:0, instance:AutomateAllClasses.MyFirstTestNGtest5@1e04fa0a]" started-at="2022-11-23T15:40:16 IST" name="test2" finished-at="2022-11-23T15:40:16 IST" duration-ms="0" status="PASS">
          <reporter-output>
          </reporter-output>
        </test-method> <!-- test2 -->
        <test-method signature="test2()[pri:0, instance:AutomateAllClasses.MyFirstTestNGtest5@1e04fa0a]" started-at="2022-11-23T15:40:16 IST" name="test2" finished-at="2022-11-23T15:40:16 IST" duration-ms="0" status="PASS">
          <reporter-output>
          </reporter-output>
        </test-method> <!-- test2 -->
      </class> <!-- AutomateAllClasses.MyFirstTestNGtest5 -->
      <class name="AutomateAllClasses.Task7">
        <test-method signature="Task7A()[pri:0, instance:AutomateAllClasses.Task7@3bf9ce3e]" started-at="2022-11-23T15:38:35 IST" name="Task7A" finished-at="2022-11-23T15:38:48 IST" duration-ms="13516" status="PASS">
          <reporter-output>
          </reporter-output>
        </test-method> <!-- Task7A -->
      </class> <!-- AutomateAllClasses.Task7 -->
      <class name="AutomateAllClasses.MyFirstTestNGtest4">
        <test-method signature="logOutApplication()[pri:-4, instance:AutomateAllClasses.MyFirstTestNGtest4@1af2d44a]" started-at="2022-11-23T15:40:16 IST" name="logOutApplication" finished-at="2022-11-23T15:40:16 IST" duration-ms="1" status="PASS">
          <reporter-output>
          </reporter-output>
        </test-method> <!-- logOutApplication -->
        <test-method signature="login()[pri:1, instance:AutomateAllClasses.MyFirstTestNGtest4@1af2d44a]" started-at="2022-11-23T15:40:16 IST" name="login" finished-at="2022-11-23T15:40:16 IST" duration-ms="0" status="PASS">
          <reporter-output>
          </reporter-output>
        </test-method> <!-- login -->
        <test-method signature="createAccount()[pri:2, instance:AutomateAllClasses.MyFirstTestNGtest4@1af2d44a]" started-at="2022-11-23T15:40:16 IST" name="createAccount" finished-at="2022-11-23T15:40:16 IST" duration-ms="0" status="PASS">
          <reporter-output>
          </reporter-output>
        </test-method> <!-- createAccount -->
        <test-method signature="deleteAccount()[pri:3, instance:AutomateAllClasses.MyFirstTestNGtest4@1af2d44a]" started-at="2022-11-23T15:40:16 IST" name="deleteAccount" finished-at="2022-11-23T15:40:16 IST" duration-ms="0" status="PASS">
          <reporter-output>
          </reporter-output>
        </test-method> <!-- deleteAccount -->
      </class> <!-- AutomateAllClasses.MyFirstTestNGtest4 -->
      <class name="AutomateAllClasses.MyFirstTestNGtest7">
        <test-method signature="test1()[pri:0, instance:AutomateAllClasses.MyFirstTestNGtest7@7e7be63f]" started-at="2022-11-23T15:39:34 IST" name="test1" finished-at="2022-11-23T15:39:34 IST" duration-ms="0" status="PASS">
          <reporter-output>
            <line>
              <![CDATA[Exectued test case1]]>
            </line>
          </reporter-output>
        </test-method> <!-- test1 -->
        <test-method signature="test2()[pri:0, instance:AutomateAllClasses.MyFirstTestNGtest7@7e7be63f]" started-at="2022-11-23T15:39:34 IST" name="test2" finished-at="2022-11-23T15:39:34 IST" depends-on-methods="AutomateAllClasses.MyFirstTestNGtest7.test1" duration-ms="0" status="PASS">
          <reporter-output>
          </reporter-output>
        </test-method> <!-- test2 -->
      </class> <!-- AutomateAllClasses.MyFirstTestNGtest7 -->
      <class name="AutomateAllClasses.AssignmentDay1">
        <test-method signature="AssisgmentDay1auto()[pri:0, instance:AutomateAllClasses.AssignmentDay1@4738a206]" started-at="2022-11-23T15:39:34 IST" name="AssisgmentDay1auto" finished-at="2022-11-23T15:40:07 IST" duration-ms="33154" status="PASS">
          <reporter-output>
          </reporter-output>
        </test-method> <!-- AssisgmentDay1auto -->
      </class> <!-- AutomateAllClasses.AssignmentDay1 -->
      <class name="AutomateAllClasses.ExplicitWait">
        <test-method signature="ExplicitWaitA()[pri:0, instance:AutomateAllClasses.ExplicitWait@1de5f259]" started-at="2022-11-23T15:40:41 IST" name="ExplicitWaitA" finished-at="2022-11-23T15:41:03 IST" duration-ms="22075" status="PASS">
          <reporter-output>
          </reporter-output>
        </test-method> <!-- ExplicitWaitA -->
      </class> <!-- AutomateAllClasses.ExplicitWait -->
      <class name="AutomateAllClasses.DragAndDropExample">
        <test-method signature="DragAndDropExampleA()[pri:0, instance:AutomateAllClasses.DragAndDropExample@a530d0a]" started-at="2022-11-23T15:39:25 IST" name="DragAndDropExampleA" finished-at="2022-11-23T15:39:34 IST" duration-ms="8663" status="PASS">
          <reporter-output>
          </reporter-output>
        </test-method> <!-- DragAndDropExampleA -->
      </class> <!-- AutomateAllClasses.DragAndDropExample -->
      <class name="AutomateAllClasses.GetSocialIcons">
        <test-method signature="GetSocialIconsA()[pri:0, instance:AutomateAllClasses.GetSocialIcons@48f278eb]" started-at="2022-11-23T15:39:17 IST" name="GetSocialIconsA" finished-at="2022-11-23T15:39:21 IST" duration-ms="3815" status="PASS">
          <reporter-output>
          </reporter-output>
        </test-method> <!-- GetSocialIconsA -->
      </class> <!-- AutomateAllClasses.GetSocialIcons -->
      <class name="AutomateAllClasses.BrowserCommands">
        <test-method signature="BrowserCommandsA()[pri:0, instance:AutomateAllClasses.BrowserCommands@1da2cb77]" started-at="2022-11-23T15:38:48 IST" name="BrowserCommandsA" finished-at="2022-11-23T15:39:17 IST" duration-ms="28650" status="PASS">
          <reporter-output>
          </reporter-output>
        </test-method> <!-- BrowserCommandsA -->
      </class> <!-- AutomateAllClasses.BrowserCommands -->
      <class name="AutomateAllClasses.LoginTest">
        <test-method is-config="true" signature="setup()[pri:0, instance:AutomateAllClasses.LoginTest@25fb8912]" started-at="2022-11-23T15:40:20 IST" name="setup" finished-at="2022-11-23T15:40:24 IST" duration-ms="3619" status="PASS">
          <reporter-output>
          </reporter-output>
        </test-method> <!-- setup -->
        <test-method signature="invalidPassword()[pri:0, instance:AutomateAllClasses.LoginTest@25fb8912]" started-at="2022-11-23T15:40:24 IST" name="invalidPassword" finished-at="2022-11-23T15:40:24 IST" duration-ms="106" status="PASS">
          <reporter-output>
          </reporter-output>
        </test-method> <!-- invalidPassword -->
        <test-method is-config="true" signature="tearDown()[pri:0, instance:AutomateAllClasses.LoginTest@25fb8912]" started-at="2022-11-23T15:40:24 IST" name="tearDown" finished-at="2022-11-23T15:40:24 IST" duration-ms="225" status="PASS">
          <reporter-output>
          </reporter-output>
        </test-method> <!-- tearDown -->
        <test-method is-config="true" signature="setup()[pri:0, instance:AutomateAllClasses.LoginTest@25fb8912]" started-at="2022-11-23T15:40:24 IST" name="setup" finished-at="2022-11-23T15:40:28 IST" duration-ms="3799" status="PASS">
          <reporter-output>
          </reporter-output>
        </test-method> <!-- setup -->
        <test-method signature="invalidUsername()[pri:0, instance:AutomateAllClasses.LoginTest@25fb8912]" started-at="2022-11-23T15:40:28 IST" name="invalidUsername" finished-at="2022-11-23T15:40:28 IST" duration-ms="60" status="PASS">
          <reporter-output>
          </reporter-output>
        </test-method> <!-- invalidUsername -->
        <test-method is-config="true" signature="tearDown()[pri:0, instance:AutomateAllClasses.LoginTest@25fb8912]" started-at="2022-11-23T15:40:28 IST" name="tearDown" finished-at="2022-11-23T15:40:28 IST" duration-ms="226" status="PASS">
          <reporter-output>
          </reporter-output>
        </test-method> <!-- tearDown -->
        <test-method is-config="true" signature="setup()[pri:0, instance:AutomateAllClasses.LoginTest@25fb8912]" started-at="2022-11-23T15:40:28 IST" name="setup" finished-at="2022-11-23T15:40:32 IST" duration-ms="3768" status="PASS">
          <reporter-output>
          </reporter-output>
        </test-method> <!-- setup -->
        <test-method signature="invalidUsernameandPassword()[pri:0, instance:AutomateAllClasses.LoginTest@25fb8912]" started-at="2022-11-23T15:40:32 IST" name="invalidUsernameandPassword" finished-at="2022-11-23T15:40:33 IST" duration-ms="717" status="PASS">
          <reporter-output>
          </reporter-output>
        </test-method> <!-- invalidUsernameandPassword -->
        <test-method is-config="true" signature="tearDown()[pri:0, instance:AutomateAllClasses.LoginTest@25fb8912]" started-at="2022-11-23T15:40:33 IST" name="tearDown" finished-at="2022-11-23T15:40:33 IST" duration-ms="212" status="PASS">
          <reporter-output>
          </reporter-output>
        </test-method> <!-- tearDown -->
        <test-method is-config="true" signature="setup()[pri:0, instance:AutomateAllClasses.LoginTest@25fb8912]" started-at="2022-11-23T15:40:33 IST" name="setup" finished-at="2022-11-23T15:40:37 IST" duration-ms="4001" status="PASS">
          <reporter-output>
          </reporter-output>
        </test-method> <!-- setup -->
        <test-method signature="validUsernameandPassword()[pri:0, instance:AutomateAllClasses.LoginTest@25fb8912]" started-at="2022-11-23T15:40:37 IST" name="validUsernameandPassword" finished-at="2022-11-23T15:40:40 IST" duration-ms="3440" status="PASS">
          <reporter-output>
          </reporter-output>
        </test-method> <!-- validUsernameandPassword -->
        <test-method is-config="true" signature="tearDown()[pri:0, instance:AutomateAllClasses.LoginTest@25fb8912]" started-at="2022-11-23T15:40:40 IST" name="tearDown" finished-at="2022-11-23T15:40:41 IST" duration-ms="229" status="PASS">
          <reporter-output>
          </reporter-output>
        </test-method> <!-- tearDown -->
      </class> <!-- AutomateAllClasses.LoginTest -->
      <class name="AutomateAllClasses.MyFirstTestNGtest">
        <test-method signature="test1()[pri:0, instance:AutomateAllClasses.MyFirstTestNGtest@58695725]" started-at="2022-11-23T15:40:16 IST" name="test1" finished-at="2022-11-23T15:40:16 IST" duration-ms="0" status="PASS">
          <reporter-output>
          </reporter-output>
        </test-method> <!-- test1 -->
        <test-method signature="test2()[pri:0, instance:AutomateAllClasses.MyFirstTestNGtest@58695725]" started-at="2022-11-23T15:40:16 IST" name="test2" finished-at="2022-11-23T15:40:16 IST" duration-ms="1" status="PASS">
          <reporter-output>
          </reporter-output>
        </test-method> <!-- test2 -->
        <test-method signature="test3()[pri:0, instance:AutomateAllClasses.MyFirstTestNGtest@58695725]" started-at="2022-11-23T15:40:16 IST" name="test3" finished-at="2022-11-23T15:40:16 IST" duration-ms="0" status="PASS">
          <reporter-output>
          </reporter-output>
        </test-method> <!-- test3 -->
      </class> <!-- AutomateAllClasses.MyFirstTestNGtest -->
      <class name="AutomateAllClasses.MyFirstTestNGtest3">
        <test-method signature="deleteAccount()[pri:0, instance:AutomateAllClasses.MyFirstTestNGtest3@18d87d80]" started-at="2022-11-23T15:40:16 IST" name="deleteAccount" finished-at="2022-11-23T15:40:16 IST" duration-ms="0" status="PASS">
          <reporter-output>
          </reporter-output>
        </test-method> <!-- deleteAccount -->
        <test-method signature="logOutApplication()[pri:0, instance:AutomateAllClasses.MyFirstTestNGtest3@18d87d80]" started-at="2022-11-23T15:40:16 IST" name="logOutApplication" finished-at="2022-11-23T15:40:16 IST" duration-ms="0" status="PASS">
          <reporter-output>
          </reporter-output>
        </test-method> <!-- logOutApplication -->
        <test-method signature="login()[pri:1, instance:AutomateAllClasses.MyFirstTestNGtest3@18d87d80]" started-at="2022-11-23T15:40:16 IST" name="login" finished-at="2022-11-23T15:40:16 IST" duration-ms="1" status="PASS">
          <reporter-output>
            <line>
              <![CDATA[Login Done]]>
            </line>
          </reporter-output>
        </test-method> <!-- login -->
        <test-method signature="createAccount()[pri:2, instance:AutomateAllClasses.MyFirstTestNGtest3@18d87d80]" started-at="2022-11-23T15:40:16 IST" name="createAccount" finished-at="2022-11-23T15:40:16 IST" duration-ms="0" status="PASS">
          <reporter-output>
          </reporter-output>
        </test-method> <!-- createAccount -->
      </class> <!-- AutomateAllClasses.MyFirstTestNGtest3 -->
      <class name="AutomateAllClasses.MyFirstTestNGtest2">
        <test-method signature="createAccount()[pri:0, instance:AutomateAllClasses.MyFirstTestNGtest2@618425b5]" started-at="2022-11-23T15:40:16 IST" name="createAccount" finished-at="2022-11-23T15:40:16 IST" duration-ms="0" status="PASS">
          <reporter-output>
          </reporter-output>
        </test-method> <!-- createAccount -->
        <test-method signature="logOutApplication()[pri:0, instance:AutomateAllClasses.MyFirstTestNGtest2@618425b5]" started-at="2022-11-23T15:40:16 IST" name="logOutApplication" finished-at="2022-11-23T15:40:16 IST" duration-ms="0" status="PASS">
          <reporter-output>
          </reporter-output>
        </test-method> <!-- logOutApplication -->
        <test-method signature="deleteAccount()[pri:0, instance:AutomateAllClasses.MyFirstTestNGtest2@618425b5]" started-at="2022-11-23T15:40:16 IST" name="deleteAccount" finished-at="2022-11-23T15:40:16 IST" duration-ms="0" status="PASS">
          <reporter-output>
          </reporter-output>
        </test-method> <!-- deleteAccount -->
        <test-method signature="login()[pri:0, instance:AutomateAllClasses.MyFirstTestNGtest2@618425b5]" started-at="2022-11-23T15:40:16 IST" name="login" finished-at="2022-11-23T15:40:16 IST" duration-ms="0" status="PASS">
          <reporter-output>
          </reporter-output>
        </test-method> <!-- login -->
      </class> <!-- AutomateAllClasses.MyFirstTestNGtest2 -->
    </test> <!-- Test -->
  </suite> <!-- SapientAllClasses -->
  <suite started-at="2022-11-23T15:41:08 IST" name="DDTtests" finished-at="2022-11-23T15:42:04 IST" duration-ms="56162">
    <groups>
    </groups>
    <test started-at="2022-11-23T15:41:08 IST" name="Test" finished-at="2022-11-23T15:42:04 IST" duration-ms="56162">
      <class name="day4.ReadDataFromExcel">
        <test-method is-config="true" signature="setup()[pri:0, instance:day4.ReadDataFromExcel@18df8434]" started-at="2022-11-23T15:41:09 IST" name="setup" finished-at="2022-11-23T15:41:11 IST" duration-ms="1735" status="PASS">
          <reporter-output>
          </reporter-output>
        </test-method> <!-- setup -->
        <test-method signature="myTest(java.lang.String,java.lang.String)[pri:0, instance:day4.ReadDataFromExcel@18df8434]" started-at="2022-11-23T15:41:11 IST" name="myTest" data-provider="mydata" finished-at="2022-11-23T15:41:13 IST" duration-ms="1748" status="PASS">
          <params>
            <param index="0">
              <value>
                <![CDATA[sample9@gmail.com]]>
              </value>
            </param>
            <param index="1">
              <value>
                <![CDATA[Mukesh1234]]>
              </value>
            </param>
          </params>
          <reporter-output>
          </reporter-output>
        </test-method> <!-- myTest -->
        <test-method is-config="true" signature="tearDown()[pri:0, instance:day4.ReadDataFromExcel@18df8434]" started-at="2022-11-23T15:41:13 IST" name="tearDown" finished-at="2022-11-23T15:41:13 IST" duration-ms="258" status="PASS">
          <reporter-output>
          </reporter-output>
        </test-method> <!-- tearDown -->
        <test-method is-config="true" signature="setup()[pri:0, instance:day4.ReadDataFromExcel@18df8434]" started-at="2022-11-23T15:41:13 IST" name="setup" finished-at="2022-11-23T15:41:14 IST" duration-ms="1443" status="PASS">
          <reporter-output>
          </reporter-output>
        </test-method> <!-- setup -->
        <test-method signature="myTest(java.lang.String,java.lang.String)[pri:0, instance:day4.ReadDataFromExcel@18df8434]" started-at="2022-11-23T15:41:14 IST" name="myTest" data-provider="mydata" finished-at="2022-11-23T15:41:16 IST" duration-ms="1800" status="PASS">
          <params>
            <param index="0">
              <value>
                <![CDATA[samplemukesh@gmail.com]]>
              </value>
            </param>
            <param index="1">
              <value>
                <![CDATA[Mukesh1234]]>
              </value>
            </param>
          </params>
          <reporter-output>
          </reporter-output>
        </test-method> <!-- myTest -->
        <test-method is-config="true" signature="tearDown()[pri:0, instance:day4.ReadDataFromExcel@18df8434]" started-at="2022-11-23T15:41:16 IST" name="tearDown" finished-at="2022-11-23T15:41:16 IST" duration-ms="266" status="PASS">
          <reporter-output>
          </reporter-output>
        </test-method> <!-- tearDown -->
        <test-method is-config="true" signature="setup()[pri:0, instance:day4.ReadDataFromExcel@18df8434]" started-at="2022-11-23T15:41:16 IST" name="setup" finished-at="2022-11-23T15:41:18 IST" duration-ms="1533" status="PASS">
          <reporter-output>
          </reporter-output>
        </test-method> <!-- setup -->
        <test-method signature="myTest(java.lang.String,java.lang.String)[pri:0, instance:day4.ReadDataFromExcel@18df8434]" started-at="2022-11-23T15:41:18 IST" name="myTest" data-provider="mydata" finished-at="2022-11-23T15:41:20 IST" duration-ms="1678" status="PASS">
          <params>
            <param index="0">
              <value>
                <![CDATA[samplemukesh1@gmail.com]]>
              </value>
            </param>
            <param index="1">
              <value>
                <![CDATA[Mukesh1234]]>
              </value>
            </param>
          </params>
          <reporter-output>
          </reporter-output>
        </test-method> <!-- myTest -->
        <test-method is-config="true" signature="tearDown()[pri:0, instance:day4.ReadDataFromExcel@18df8434]" started-at="2022-11-23T15:41:20 IST" name="tearDown" finished-at="2022-11-23T15:41:20 IST" duration-ms="233" status="PASS">
          <reporter-output>
          </reporter-output>
        </test-method> <!-- tearDown -->
        <test-method is-config="true" signature="setup()[pri:0, instance:day4.ReadDataFromExcel@18df8434]" started-at="2022-11-23T15:41:20 IST" name="setup" finished-at="2022-11-23T15:41:21 IST" duration-ms="1459" status="PASS">
          <reporter-output>
          </reporter-output>
        </test-method> <!-- setup -->
        <test-method signature="myTest(java.lang.String,java.lang.String)[pri:0, instance:day4.ReadDataFromExcel@18df8434]" started-at="2022-11-23T15:41:21 IST" name="myTest" data-provider="mydata" finished-at="2022-11-23T15:41:32 IST" duration-ms="10201" status="FAIL">
          <params>
            <param index="0">
              <value>
                <![CDATA[samplemukesh2@gmail.com]]>
              </value>
            </param>
            <param index="1">
              <value>
                <![CDATA[sdasdas]]>
              </value>
            </param>
          </params>
          <exception class="org.openqa.selenium.NoSuchElementException">
            <message>
              <![CDATA[no such element: Unable to locate element: {"method":"xpath","selector":"//button[text()='Sign out']"}
  (Session info: chrome=107.0.5304.107)
For documentation on this error, please visit: https://selenium.dev/exceptions/#no_such_element
Build info: version: '4.6.0', revision: '79f1c02ae20'
System info: os.name: 'Windows 11', os.arch: 'amd64', os.version: '10.0', java.version: '11.0.16.1'
Driver info: org.openqa.selenium.chrome.ChromeDriver
Command: [3ee66d351480fb3a763a20145c47578b, findElement {using=xpath, value=//button[text()='Sign out']}]
Capabilities {acceptInsecureCerts: false, browserName: chrome, browserVersion: 107.0.5304.107, chrome: {chromedriverVersion: 107.0.5304.62 (1eec40d3a576..., userDataDir: C:\Users\saikashi\AppData\L...}, goog:chromeOptions: {debuggerAddress: localhost:60466}, networkConnectionEnabled: false, pageLoadStrategy: normal, platformName: WINDOWS, proxy: Proxy(), se:cdp: ws://localhost:60466/devtoo..., se:cdpVersion: 107.0.5304.107, setWindowRect: true, strictFileInteractability: false, timeouts: {implicit: 0, pageLoad: 300000, script: 30000}, unhandledPromptBehavior: dismiss and notify, webauthn:extension:credBlob: true, webauthn:extension:largeBlob: true, webauthn:virtualAuthenticators: true}
Session ID: 3ee66d351480fb3a763a20145c47578b]]>
            </message>
            <full-stacktrace>
              <![CDATA[org.openqa.selenium.NoSuchElementException: no such element: Unable to locate element: {"method":"xpath","selector":"//button[text()='Sign out']"}
  (Session info: chrome=107.0.5304.107)
For documentation on this error, please visit: https://selenium.dev/exceptions/#no_such_element
Build info: version: '4.6.0', revision: '79f1c02ae20'
System info: os.name: 'Windows 11', os.arch: 'amd64', os.version: '10.0', java.version: '11.0.16.1'
Driver info: org.openqa.selenium.chrome.ChromeDriver
Command: [3ee66d351480fb3a763a20145c47578b, findElement {using=xpath, value=//button[text()='Sign out']}]
Capabilities {acceptInsecureCerts: false, browserName: chrome, browserVersion: 107.0.5304.107, chrome: {chromedriverVersion: 107.0.5304.62 (1eec40d3a576..., userDataDir: C:\Users\saikashi\AppData\L...}, goog:chromeOptions: {debuggerAddress: localhost:60466}, networkConnectionEnabled: false, pageLoadStrategy: normal, platformName: WINDOWS, proxy: Proxy(), se:cdp: ws://localhost:60466/devtoo..., se:cdpVersion: 107.0.5304.107, setWindowRect: true, strictFileInteractability: false, timeouts: {implicit: 0, pageLoad: 300000, script: 30000}, unhandledPromptBehavior: dismiss and notify, webauthn:extension:credBlob: true, webauthn:extension:largeBlob: true, webauthn:virtualAuthenticators: true}
Session ID: 3ee66d351480fb3a763a20145c47578b
at java.base/jdk.internal.reflect.NativeConstructorAccessorImpl.newInstance0(Native Method)
at java.base/jdk.internal.reflect.NativeConstructorAccessorImpl.newInstance(NativeConstructorAccessorImpl.java:62)
at java.base/jdk.internal.reflect.DelegatingConstructorAccessorImpl.newInstance(DelegatingConstructorAccessorImpl.java:45)
at java.base/java.lang.reflect.Constructor.newInstance(Constructor.java:490)
at org.openqa.selenium.remote.codec.w3c.W3CHttpResponseCodec.createException(W3CHttpResponseCodec.java:200)
at org.openqa.selenium.remote.codec.w3c.W3CHttpResponseCodec.decode(W3CHttpResponseCodec.java:133)
at org.openqa.selenium.remote.codec.w3c.W3CHttpResponseCodec.decode(W3CHttpResponseCodec.java:53)
at org.openqa.selenium.remote.HttpCommandExecutor.execute(HttpCommandExecutor.java:184)
at org.openqa.selenium.remote.service.DriverCommandExecutor.invokeExecute(DriverCommandExecutor.java:167)
at org.openqa.selenium.remote.service.DriverCommandExecutor.execute(DriverCommandExecutor.java:142)
at org.openqa.selenium.remote.RemoteWebDriver.execute(RemoteWebDriver.java:541)
at org.openqa.selenium.remote.ElementLocation$ElementFinder$2.findElement(ElementLocation.java:162)
at org.openqa.selenium.remote.ElementLocation.findElement(ElementLocation.java:60)
at org.openqa.selenium.remote.RemoteWebDriver.findElement(RemoteWebDriver.java:365)
at org.openqa.selenium.remote.RemoteWebDriver.findElement(RemoteWebDriver.java:357)
at day4.ReadDataFromExcel.myTest(ReadDataFromExcel.java:39)
at java.base/jdk.internal.reflect.NativeMethodAccessorImpl.invoke0(Native Method)
at java.base/jdk.internal.reflect.NativeMethodAccessorImpl.invoke(NativeMethodAccessorImpl.java:62)
at java.base/jdk.internal.reflect.DelegatingMethodAccessorImpl.invoke(DelegatingMethodAccessorImpl.java:43)
at java.base/java.lang.reflect.Method.invoke(Method.java:566)
at org.testng.internal.MethodInvocationHelper.invokeMethod(MethodInvocationHelper.java:133)
at org.testng.internal.TestInvoker.invokeMethod(TestInvoker.java:598)
at org.testng.internal.TestInvoker.invokeTestMethod(TestInvoker.java:173)
at org.testng.internal.MethodRunner.runInSequence(MethodRunner.java:46)
at org.testng.internal.TestInvoker$MethodInvocationAgent.invoke(TestInvoker.java:824)
at org.testng.internal.TestInvoker.invokeTestMethods(TestInvoker.java:146)
at org.testng.internal.TestMethodWorker.invokeTestMethods(TestMethodWorker.java:146)
at org.testng.internal.TestMethodWorker.run(TestMethodWorker.java:128)
at java.base/java.util.ArrayList.forEach(ArrayList.java:1541)
at org.testng.TestRunner.privateRun(TestRunner.java:794)
at org.testng.TestRunner.run(TestRunner.java:596)
at org.testng.SuiteRunner.runTest(SuiteRunner.java:377)
at org.testng.SuiteRunner.runSequentially(SuiteRunner.java:371)
at org.testng.SuiteRunner.privateRun(SuiteRunner.java:332)
at org.testng.SuiteRunner.run(SuiteRunner.java:276)
at org.testng.SuiteRunnerWorker.runSuite(SuiteRunnerWorker.java:53)
at org.testng.SuiteRunnerWorker.run(SuiteRunnerWorker.java:96)
at org.testng.TestNG.runSuitesSequentially(TestNG.java:1212)
at org.testng.TestNG.runSuitesLocally(TestNG.java:1134)
at org.testng.TestNG.runSuites(TestNG.java:1063)
at org.testng.TestNG.run(TestNG.java:1031)
at org.apache.maven.surefire.testng.TestNGExecutor.run(TestNGExecutor.java:324)
at org.apache.maven.surefire.testng.TestNGXmlTestSuite.execute(TestNGXmlTestSuite.java:74)
at org.apache.maven.surefire.testng.TestNGProvider.invoke(TestNGProvider.java:123)
at org.apache.maven.surefire.booter.ForkedBooter.runSuitesInProcess(ForkedBooter.java:456)
at org.apache.maven.surefire.booter.ForkedBooter.execute(ForkedBooter.java:169)
at org.apache.maven.surefire.booter.ForkedBooter.run(ForkedBooter.java:595)
at org.apache.maven.surefire.booter.ForkedBooter.main(ForkedBooter.java:581)
]]>
            </full-stacktrace>
          </exception> <!-- org.openqa.selenium.NoSuchElementException -->
          <reporter-output>
          </reporter-output>
        </test-method> <!-- myTest -->
        <test-method is-config="true" signature="tearDown()[pri:0, instance:day4.ReadDataFromExcel@18df8434]" started-at="2022-11-23T15:41:32 IST" name="tearDown" finished-at="2022-11-23T15:41:42 IST" duration-ms="10024" status="FAIL">
          <exception class="org.openqa.selenium.NoSuchElementException">
            <message>
              <![CDATA[no such element: Unable to locate element: {"method":"xpath","selector":"//button[text()='Sign out']"}
  (Session info: chrome=107.0.5304.107)
For documentation on this error, please visit: https://selenium.dev/exceptions/#no_such_element
Build info: version: '4.6.0', revision: '79f1c02ae20'
System info: os.name: 'Windows 11', os.arch: 'amd64', os.version: '10.0', java.version: '11.0.16.1'
Driver info: org.openqa.selenium.chrome.ChromeDriver
Command: [3ee66d351480fb3a763a20145c47578b, findElement {using=xpath, value=//button[text()='Sign out']}]
Capabilities {acceptInsecureCerts: false, browserName: chrome, browserVersion: 107.0.5304.107, chrome: {chromedriverVersion: 107.0.5304.62 (1eec40d3a576..., userDataDir: C:\Users\saikashi\AppData\L...}, goog:chromeOptions: {debuggerAddress: localhost:60466}, networkConnectionEnabled: false, pageLoadStrategy: normal, platformName: WINDOWS, proxy: Proxy(), se:cdp: ws://localhost:60466/devtoo..., se:cdpVersion: 107.0.5304.107, setWindowRect: true, strictFileInteractability: false, timeouts: {implicit: 0, pageLoad: 300000, script: 30000}, unhandledPromptBehavior: dismiss and notify, webauthn:extension:credBlob: true, webauthn:extension:largeBlob: true, webauthn:virtualAuthenticators: true}
Session ID: 3ee66d351480fb3a763a20145c47578b]]>
            </message>
            <full-stacktrace>
              <![CDATA[org.openqa.selenium.NoSuchElementException: no such element: Unable to locate element: {"method":"xpath","selector":"//button[text()='Sign out']"}
  (Session info: chrome=107.0.5304.107)
For documentation on this error, please visit: https://selenium.dev/exceptions/#no_such_element
Build info: version: '4.6.0', revision: '79f1c02ae20'
System info: os.name: 'Windows 11', os.arch: 'amd64', os.version: '10.0', java.version: '11.0.16.1'
Driver info: org.openqa.selenium.chrome.ChromeDriver
Command: [3ee66d351480fb3a763a20145c47578b, findElement {using=xpath, value=//button[text()='Sign out']}]
Capabilities {acceptInsecureCerts: false, browserName: chrome, browserVersion: 107.0.5304.107, chrome: {chromedriverVersion: 107.0.5304.62 (1eec40d3a576..., userDataDir: C:\Users\saikashi\AppData\L...}, goog:chromeOptions: {debuggerAddress: localhost:60466}, networkConnectionEnabled: false, pageLoadStrategy: normal, platformName: WINDOWS, proxy: Proxy(), se:cdp: ws://localhost:60466/devtoo..., se:cdpVersion: 107.0.5304.107, setWindowRect: true, strictFileInteractability: false, timeouts: {implicit: 0, pageLoad: 300000, script: 30000}, unhandledPromptBehavior: dismiss and notify, webauthn:extension:credBlob: true, webauthn:extension:largeBlob: true, webauthn:virtualAuthenticators: true}
Session ID: 3ee66d351480fb3a763a20145c47578b
at java.base/jdk.internal.reflect.NativeConstructorAccessorImpl.newInstance0(Native Method)
at java.base/jdk.internal.reflect.NativeConstructorAccessorImpl.newInstance(NativeConstructorAccessorImpl.java:62)
at java.base/jdk.internal.reflect.DelegatingConstructorAccessorImpl.newInstance(DelegatingConstructorAccessorImpl.java:45)
at java.base/java.lang.reflect.Constructor.newInstance(Constructor.java:490)
at org.openqa.selenium.remote.codec.w3c.W3CHttpResponseCodec.createException(W3CHttpResponseCodec.java:200)
at org.openqa.selenium.remote.codec.w3c.W3CHttpResponseCodec.decode(W3CHttpResponseCodec.java:133)
at org.openqa.selenium.remote.codec.w3c.W3CHttpResponseCodec.decode(W3CHttpResponseCodec.java:53)
at org.openqa.selenium.remote.HttpCommandExecutor.execute(HttpCommandExecutor.java:184)
at org.openqa.selenium.remote.service.DriverCommandExecutor.invokeExecute(DriverCommandExecutor.java:167)
at org.openqa.selenium.remote.service.DriverCommandExecutor.execute(DriverCommandExecutor.java:142)
at org.openqa.selenium.remote.RemoteWebDriver.execute(RemoteWebDriver.java:541)
at org.openqa.selenium.remote.ElementLocation$ElementFinder$2.findElement(ElementLocation.java:162)
at org.openqa.selenium.remote.ElementLocation.findElement(ElementLocation.java:60)
at org.openqa.selenium.remote.RemoteWebDriver.findElement(RemoteWebDriver.java:365)
at org.openqa.selenium.remote.RemoteWebDriver.findElement(RemoteWebDriver.java:357)
at day4.ReadDataFromExcel.tearDown(ReadDataFromExcel.java:69)
at java.base/jdk.internal.reflect.NativeMethodAccessorImpl.invoke0(Native Method)
at java.base/jdk.internal.reflect.NativeMethodAccessorImpl.invoke(NativeMethodAccessorImpl.java:62)
at java.base/jdk.internal.reflect.DelegatingMethodAccessorImpl.invoke(DelegatingMethodAccessorImpl.java:43)
at java.base/java.lang.reflect.Method.invoke(Method.java:566)
at org.testng.internal.MethodInvocationHelper.invokeMethod(MethodInvocationHelper.java:133)
at org.testng.internal.MethodInvocationHelper.invokeMethodConsideringTimeout(MethodInvocationHelper.java:62)
at org.testng.internal.ConfigInvoker.invokeConfigurationMethod(ConfigInvoker.java:385)
at org.testng.internal.ConfigInvoker.invokeConfigurations(ConfigInvoker.java:321)
at org.testng.internal.TestInvoker.runConfigMethods(TestInvoker.java:700)
at org.testng.internal.TestInvoker.runAfterGroupsConfigurations(TestInvoker.java:676)
at org.testng.internal.TestInvoker.invokeMethod(TestInvoker.java:660)
at org.testng.internal.TestInvoker.invokeTestMethod(TestInvoker.java:173)
at org.testng.internal.MethodRunner.runInSequence(MethodRunner.java:46)
at org.testng.internal.TestInvoker$MethodInvocationAgent.invoke(TestInvoker.java:824)
at org.testng.internal.TestInvoker.invokeTestMethods(TestInvoker.java:146)
at org.testng.internal.TestMethodWorker.invokeTestMethods(TestMethodWorker.java:146)
at org.testng.internal.TestMethodWorker.run(TestMethodWorker.java:128)
at java.base/java.util.ArrayList.forEach(ArrayList.java:1541)
at org.testng.TestRunner.privateRun(TestRunner.java:794)
at org.testng.TestRunner.run(TestRunner.java:596)
at org.testng.SuiteRunner.runTest(SuiteRunner.java:377)
at org.testng.SuiteRunner.runSequentially(SuiteRunner.java:371)
at org.testng.SuiteRunner.privateRun(SuiteRunner.java:332)
at org.testng.SuiteRunner.run(SuiteRunner.java:276)
at org.testng.SuiteRunnerWorker.runSuite(SuiteRunnerWorker.java:53)
at org.testng.SuiteRunnerWorker.run(SuiteRunnerWorker.java:96)
at org.testng.TestNG.runSuitesSequentially(TestNG.java:1212)
at org.testng.TestNG.runSuitesLocally(TestNG.java:1134)
at org.testng.TestNG.runSuites(TestNG.java:1063)
at org.testng.TestNG.run(TestNG.java:1031)
at org.apache.maven.surefire.testng.TestNGExecutor.run(TestNGExecutor.java:324)
at org.apache.maven.surefire.testng.TestNGXmlTestSuite.execute(TestNGXmlTestSuite.java:74)
at org.apache.maven.surefire.testng.TestNGProvider.invoke(TestNGProvider.java:123)
at org.apache.maven.surefire.booter.ForkedBooter.runSuitesInProcess(ForkedBooter.java:456)
at org.apache.maven.surefire.booter.ForkedBooter.execute(ForkedBooter.java:169)
at org.apache.maven.surefire.booter.ForkedBooter.run(ForkedBooter.java:595)
at org.apache.maven.surefire.booter.ForkedBooter.main(ForkedBooter.java:581)
]]>
            </full-stacktrace>
          </exception> <!-- org.openqa.selenium.NoSuchElementException -->
          <reporter-output>
          </reporter-output>
        </test-method> <!-- tearDown -->
      </class> <!-- day4.ReadDataFromExcel -->
      <class name="day4.ReadingExcel3">
        <test-method signature="testData()[pri:0, instance:day4.ReadingExcel3@4d154ccd]" started-at="2022-11-23T15:41:42 IST" name="testData" finished-at="2022-11-23T15:41:42 IST" duration-ms="64" status="PASS">
          <reporter-output>
          </reporter-output>
        </test-method> <!-- testData -->
      </class> <!-- day4.ReadingExcel3 -->
      <class name="day4.DDTExample2">
        <test-method signature="myTest(java.lang.String,java.lang.String)[pri:0, instance:day4.DDTExample2@229c6181]" started-at="2022-11-23T15:41:42 IST" name="myTest" data-provider="testdata" finished-at="2022-11-23T15:41:42 IST" duration-ms="0" status="PASS">
          <params>
            <param index="0">
              <value>
                <![CDATA[Selenium]]>
              </value>
            </param>
            <param index="1">
              <value>
                <![CDATA[IDE]]>
              </value>
            </param>
          </params>
          <reporter-output>
          </reporter-output>
        </test-method> <!-- myTest -->
        <test-method signature="myTest(java.lang.String,java.lang.String)[pri:0, instance:day4.DDTExample2@229c6181]" started-at="2022-11-23T15:41:42 IST" name="myTest" data-provider="testdata" finished-at="2022-11-23T15:41:42 IST" duration-ms="0" status="PASS">
          <params>
            <param index="0">
              <value>
                <![CDATA[Grid]]>
              </value>
            </param>
            <param index="1">
              <value>
                <![CDATA[RC]]>
              </value>
            </param>
          </params>
          <reporter-output>
          </reporter-output>
        </test-method> <!-- myTest -->
      </class> <!-- day4.DDTExample2 -->
      <class name="day4.DDTExample3">
        <test-method is-config="true" signature="setup()[pri:0, instance:day4.DDTExample3@4686afc2]" started-at="2022-11-23T15:41:42 IST" name="setup" finished-at="2022-11-23T15:41:43 IST" duration-ms="1623" status="PASS">
          <reporter-output>
          </reporter-output>
        </test-method> <!-- setup -->
        <test-method signature="myTest(java.lang.String,java.lang.String)[pri:0, instance:day4.DDTExample3@4686afc2]" started-at="2022-11-23T15:41:43 IST" name="myTest" data-provider="mydata" finished-at="2022-11-23T15:41:45 IST" duration-ms="1684" status="PASS">
          <params>
            <param index="0">
              <value>
                <![CDATA[sample9@gmail.com]]>
              </value>
            </param>
            <param index="1">
              <value>
                <![CDATA[Mukesh1234]]>
              </value>
            </param>
          </params>
          <reporter-output>
          </reporter-output>
        </test-method> <!-- myTest -->
        <test-method is-config="true" signature="tearDown()[pri:0, instance:day4.DDTExample3@4686afc2]" started-at="2022-11-23T15:41:45 IST" name="tearDown" finished-at="2022-11-23T15:41:45 IST" duration-ms="191" status="PASS">
          <reporter-output>
          </reporter-output>
        </test-method> <!-- tearDown -->
        <test-method is-config="true" signature="setup()[pri:0, instance:day4.DDTExample3@4686afc2]" started-at="2022-11-23T15:41:45 IST" name="setup" finished-at="2022-11-23T15:41:47 IST" duration-ms="1500" status="PASS">
          <reporter-output>
          </reporter-output>
        </test-method> <!-- setup -->
        <test-method signature="myTest(java.lang.String,java.lang.String)[pri:0, instance:day4.DDTExample3@4686afc2]" started-at="2022-11-23T15:41:47 IST" name="myTest" data-provider="mydata" finished-at="2022-11-23T15:41:48 IST" duration-ms="1711" status="PASS">
          <params>
            <param index="0">
              <value>
                <![CDATA[samplemukesh@gmail.com]]>
              </value>
            </param>
            <param index="1">
              <value>
                <![CDATA[Mukesh1234]]>
              </value>
            </param>
          </params>
          <reporter-output>
          </reporter-output>
        </test-method> <!-- myTest -->
        <test-method is-config="true" signature="tearDown()[pri:0, instance:day4.DDTExample3@4686afc2]" started-at="2022-11-23T15:41:48 IST" name="tearDown" finished-at="2022-11-23T15:41:49 IST" duration-ms="233" status="PASS">
          <reporter-output>
          </reporter-output>
        </test-method> <!-- tearDown -->
        <test-method is-config="true" signature="setup()[pri:0, instance:day4.DDTExample3@4686afc2]" started-at="2022-11-23T15:41:49 IST" name="setup" finished-at="2022-11-23T15:41:50 IST" duration-ms="1642" status="PASS">
          <reporter-output>
          </reporter-output>
        </test-method> <!-- setup -->
        <test-method signature="myTest(java.lang.String,java.lang.String)[pri:0, instance:day4.DDTExample3@4686afc2]" started-at="2022-11-23T15:41:50 IST" name="myTest" data-provider="mydata" finished-at="2022-11-23T15:41:52 IST" duration-ms="1692" status="PASS">
          <params>
            <param index="0">
              <value>
                <![CDATA[samplemukesh1@gmail.com]]>
              </value>
            </param>
            <param index="1">
              <value>
                <![CDATA[Mukesh1234]]>
              </value>
            </param>
          </params>
          <reporter-output>
          </reporter-output>
        </test-method> <!-- myTest -->
        <test-method is-config="true" signature="tearDown()[pri:0, instance:day4.DDTExample3@4686afc2]" started-at="2022-11-23T15:41:52 IST" name="tearDown" finished-at="2022-11-23T15:41:52 IST" duration-ms="216" status="PASS">
          <reporter-output>
          </reporter-output>
        </test-method> <!-- tearDown -->
        <test-method is-config="true" signature="setup()[pri:0, instance:day4.DDTExample3@4686afc2]" started-at="2022-11-23T15:41:52 IST" name="setup" finished-at="2022-11-23T15:41:54 IST" duration-ms="1623" status="PASS">
          <reporter-output>
          </reporter-output>
        </test-method> <!-- setup -->
        <test-method signature="myTest(java.lang.String,java.lang.String)[pri:0, instance:day4.DDTExample3@4686afc2]" started-at="2022-11-23T15:41:54 IST" name="myTest" data-provider="mydata" finished-at="2022-11-23T15:42:04 IST" duration-ms="10201" status="FAIL">
          <params>
            <param index="0">
              <value>
                <![CDATA[samplemukesh2@gmail.com]]>
              </value>
            </param>
            <param index="1">
              <value>
                <![CDATA[sdasdas]]>
              </value>
            </param>
          </params>
          <exception class="org.openqa.selenium.NoSuchElementException">
            <message>
              <![CDATA[no such element: Unable to locate element: {"method":"xpath","selector":"//button[text()='Sign out']"}
  (Session info: chrome=107.0.5304.107)
For documentation on this error, please visit: https://selenium.dev/exceptions/#no_such_element
Build info: version: '4.6.0', revision: '79f1c02ae20'
System info: os.name: 'Windows 11', os.arch: 'amd64', os.version: '10.0', java.version: '11.0.16.1'
Driver info: org.openqa.selenium.chrome.ChromeDriver
Command: [f11f2dcc341113e0808cd919e7cbb309, findElement {using=xpath, value=//button[text()='Sign out']}]
Capabilities {acceptInsecureCerts: false, browserName: chrome, browserVersion: 107.0.5304.107, chrome: {chromedriverVersion: 107.0.5304.62 (1eec40d3a576..., userDataDir: C:\Users\saikashi\AppData\L...}, goog:chromeOptions: {debuggerAddress: localhost:60581}, networkConnectionEnabled: false, pageLoadStrategy: normal, platformName: WINDOWS, proxy: Proxy(), se:cdp: ws://localhost:60581/devtoo..., se:cdpVersion: 107.0.5304.107, setWindowRect: true, strictFileInteractability: false, timeouts: {implicit: 0, pageLoad: 300000, script: 30000}, unhandledPromptBehavior: dismiss and notify, webauthn:extension:credBlob: true, webauthn:extension:largeBlob: true, webauthn:virtualAuthenticators: true}
Session ID: f11f2dcc341113e0808cd919e7cbb309]]>
            </message>
            <full-stacktrace>
              <![CDATA[org.openqa.selenium.NoSuchElementException: no such element: Unable to locate element: {"method":"xpath","selector":"//button[text()='Sign out']"}
  (Session info: chrome=107.0.5304.107)
For documentation on this error, please visit: https://selenium.dev/exceptions/#no_such_element
Build info: version: '4.6.0', revision: '79f1c02ae20'
System info: os.name: 'Windows 11', os.arch: 'amd64', os.version: '10.0', java.version: '11.0.16.1'
Driver info: org.openqa.selenium.chrome.ChromeDriver
Command: [f11f2dcc341113e0808cd919e7cbb309, findElement {using=xpath, value=//button[text()='Sign out']}]
Capabilities {acceptInsecureCerts: false, browserName: chrome, browserVersion: 107.0.5304.107, chrome: {chromedriverVersion: 107.0.5304.62 (1eec40d3a576..., userDataDir: C:\Users\saikashi\AppData\L...}, goog:chromeOptions: {debuggerAddress: localhost:60581}, networkConnectionEnabled: false, pageLoadStrategy: normal, platformName: WINDOWS, proxy: Proxy(), se:cdp: ws://localhost:60581/devtoo..., se:cdpVersion: 107.0.5304.107, setWindowRect: true, strictFileInteractability: false, timeouts: {implicit: 0, pageLoad: 300000, script: 30000}, unhandledPromptBehavior: dismiss and notify, webauthn:extension:credBlob: true, webauthn:extension:largeBlob: true, webauthn:virtualAuthenticators: true}
Session ID: f11f2dcc341113e0808cd919e7cbb309
at java.base/jdk.internal.reflect.NativeConstructorAccessorImpl.newInstance0(Native Method)
at java.base/jdk.internal.reflect.NativeConstructorAccessorImpl.newInstance(NativeConstructorAccessorImpl.java:62)
at java.base/jdk.internal.reflect.DelegatingConstructorAccessorImpl.newInstance(DelegatingConstructorAccessorImpl.java:45)
at java.base/java.lang.reflect.Constructor.newInstance(Constructor.java:490)
at org.openqa.selenium.remote.codec.w3c.W3CHttpResponseCodec.createException(W3CHttpResponseCodec.java:200)
at org.openqa.selenium.remote.codec.w3c.W3CHttpResponseCodec.decode(W3CHttpResponseCodec.java:133)
at org.openqa.selenium.remote.codec.w3c.W3CHttpResponseCodec.decode(W3CHttpResponseCodec.java:53)
at org.openqa.selenium.remote.HttpCommandExecutor.execute(HttpCommandExecutor.java:184)
at org.openqa.selenium.remote.service.DriverCommandExecutor.invokeExecute(DriverCommandExecutor.java:167)
at org.openqa.selenium.remote.service.DriverCommandExecutor.execute(DriverCommandExecutor.java:142)
at org.openqa.selenium.remote.RemoteWebDriver.execute(RemoteWebDriver.java:541)
at org.openqa.selenium.remote.ElementLocation$ElementFinder$2.findElement(ElementLocation.java:162)
at org.openqa.selenium.remote.ElementLocation.findElement(ElementLocation.java:60)
at org.openqa.selenium.remote.RemoteWebDriver.findElement(RemoteWebDriver.java:365)
at org.openqa.selenium.remote.RemoteWebDriver.findElement(RemoteWebDriver.java:357)
at day4.DDTExample3.myTest(DDTExample3.java:34)
at java.base/jdk.internal.reflect.NativeMethodAccessorImpl.invoke0(Native Method)
at java.base/jdk.internal.reflect.NativeMethodAccessorImpl.invoke(NativeMethodAccessorImpl.java:62)
at java.base/jdk.internal.reflect.DelegatingMethodAccessorImpl.invoke(DelegatingMethodAccessorImpl.java:43)
at java.base/java.lang.reflect.Method.invoke(Method.java:566)
at org.testng.internal.MethodInvocationHelper.invokeMethod(MethodInvocationHelper.java:133)
at org.testng.internal.TestInvoker.invokeMethod(TestInvoker.java:598)
at org.testng.internal.TestInvoker.invokeTestMethod(TestInvoker.java:173)
at org.testng.internal.MethodRunner.runInSequence(MethodRunner.java:46)
at org.testng.internal.TestInvoker$MethodInvocationAgent.invoke(TestInvoker.java:824)
at org.testng.internal.TestInvoker.invokeTestMethods(TestInvoker.java:146)
at org.testng.internal.TestMethodWorker.invokeTestMethods(TestMethodWorker.java:146)
at org.testng.internal.TestMethodWorker.run(TestMethodWorker.java:128)
at java.base/java.util.ArrayList.forEach(ArrayList.java:1541)
at org.testng.TestRunner.privateRun(TestRunner.java:794)
at org.testng.TestRunner.run(TestRunner.java:596)
at org.testng.SuiteRunner.runTest(SuiteRunner.java:377)
at org.testng.SuiteRunner.runSequentially(SuiteRunner.java:371)
at org.testng.SuiteRunner.privateRun(SuiteRunner.java:332)
at org.testng.SuiteRunner.run(SuiteRunner.java:276)
at org.testng.SuiteRunnerWorker.runSuite(SuiteRunnerWorker.java:53)
at org.testng.SuiteRunnerWorker.run(SuiteRunnerWorker.java:96)
at org.testng.TestNG.runSuitesSequentially(TestNG.java:1212)
at org.testng.TestNG.runSuitesLocally(TestNG.java:1134)
at org.testng.TestNG.runSuites(TestNG.java:1063)
at org.testng.TestNG.run(TestNG.java:1031)
at org.apache.maven.surefire.testng.TestNGExecutor.run(TestNGExecutor.java:324)
at org.apache.maven.surefire.testng.TestNGXmlTestSuite.execute(TestNGXmlTestSuite.java:74)
at org.apache.maven.surefire.testng.TestNGProvider.invoke(TestNGProvider.java:123)
at org.apache.maven.surefire.booter.ForkedBooter.runSuitesInProcess(ForkedBooter.java:456)
at org.apache.maven.surefire.booter.ForkedBooter.execute(ForkedBooter.java:169)
at org.apache.maven.surefire.booter.ForkedBooter.run(ForkedBooter.java:595)
at org.apache.maven.surefire.booter.ForkedBooter.main(ForkedBooter.java:581)
]]>
            </full-stacktrace>
          </exception> <!-- org.openqa.selenium.NoSuchElementException -->
          <reporter-output>
          </reporter-output>
        </test-method> <!-- myTest -->
        <test-method is-config="true" signature="tearDown()[pri:0, instance:day4.DDTExample3@4686afc2]" started-at="2022-11-23T15:42:04 IST" name="tearDown" finished-at="2022-11-23T15:42:04 IST" duration-ms="303" status="PASS">
          <reporter-output>
          </reporter-output>
        </test-method> <!-- tearDown -->
      </class> <!-- day4.DDTExample3 -->
    </test> <!-- Test -->
  </suite> <!-- DDTtests -->
</testng-results>
